#
# There is insufficient memory for the Java Runtime Environment to continue.
# Native memory allocation (malloc) failed to allocate 384016 bytes for Chunk::new
# Possible reasons:
#   The system is out of physical RAM or swap space
#   In 32 bit mode, the process size limit was hit
# Possible solutions:
#   Reduce memory load on the system
#   Increase physical memory or swap space
#   Check if swap backing store is full
#   Use 64 bit Java on a 64 bit OS
#   Decrease Java heap size (-Xmx/-Xms)
#   Decrease number of Java threads
#   Decrease Java thread stack sizes (-Xss)
#   Set larger code cache with -XX:ReservedCodeCacheSize=
# This output file may be truncated or incomplete.
#
#  Out of Memory Error (allocation.cpp:390), pid=69272, tid=0x000000000001213c
#
# JRE version: Java(TM) SE Runtime Environment (8.0_121-b13) (build 1.8.0_121-b13)
# Java VM: Java HotSpot(TM) 64-Bit Server VM (25.121-b13 mixed mode windows-amd64 compressed oops)
# Failed to write core dump. Minidumps are not enabled by default on client versions of Windows
#

---------------  T H R E A D  ---------------

Current thread (0x00000000181fd800):  JavaThread "C2 CompilerThread1" daemon [_thread_in_native, id=74044, stack(0x0000000018ae0000,0x0000000018be0000)]

Stack: [0x0000000018ae0000,0x0000000018be0000]
[error occurred during error reporting (printing stack bounds), id 0xc0000005]

Native frames: (J=compiled Java code, j=interpreted, Vv=VM code, C=native code)


Current CompileTask:
C2:1484645 11739   !   4       org.gradle.api.internal.DefaultNamedDomainObjectCollection::applyRules (95 bytes)


---------------  P R O C E S S  ---------------

Java Threads: ( => current thread )
  0x000000001a742000 JavaThread "Stdin handler" [_thread_blocked, id=73996, stack(0x0000000024fa0000,0x00000000250a0000)]
  0x000000001a746000 JavaThread "Asynchronous log dispatcher for DefaultDaemonConnection: socket connection from /127.0.0.1:52805 to /127.0.0.1:53108" [_thread_blocked, id=44232, stack(0x0000000024ea0000,0x0000000024fa0000)]
  0x000000001a745000 JavaThread "Daemon worker Thread 3" [_thread_in_native, id=40532, stack(0x0000000024da0000,0x0000000024ea0000)]
  0x000000001a744800 JavaThread "Cancel handler" [_thread_blocked, id=51612, stack(0x0000000024ca0000,0x0000000024da0000)]
  0x000000001a743800 JavaThread "Handler for socket connection from /127.0.0.1:52805 to /127.0.0.1:53108" [_thread_in_native, id=70396, stack(0x0000000024ba0000,0x0000000024ca0000)]
  0x000000001a741800 JavaThread "Daemon Thread 3" [_thread_blocked, id=51852, stack(0x0000000024aa0000,0x0000000024ba0000)]
  0x000000001a1dd000 JavaThread "File lock request listener" [_thread_in_native, id=74888, stack(0x000000001cea0000,0x000000001cfa0000)]
  0x0000000019c23800 JavaThread "Incoming local TCP Connector on port 52805" [_thread_in_native, id=74848, stack(0x000000001bde0000,0x000000001bee0000)]
  0x0000000019c41000 JavaThread "pool-1-thread-1" [_thread_blocked, id=74840, stack(0x000000001b780000,0x000000001b880000)]
  0x000000001828a000 JavaThread "Service Thread" daemon [_thread_blocked, id=74764, stack(0x0000000018de0000,0x0000000018ee0000)]
  0x000000001820b000 JavaThread "C1 CompilerThread3" daemon [_thread_blocked, id=74760, stack(0x0000000018ce0000,0x0000000018de0000)]
  0x0000000018205800 JavaThread "C2 CompilerThread2" daemon [_thread_blocked, id=74756, stack(0x0000000018be0000,0x0000000018ce0000)]
=>0x00000000181fd800 JavaThread "C2 CompilerThread1" daemon [_thread_in_native, id=74044, stack(0x0000000018ae0000,0x0000000018be0000)]
  0x00000000181fa800 JavaThread "C2 CompilerThread0" daemon [_thread_blocked, id=72600, stack(0x00000000189e0000,0x0000000018ae0000)]
  0x00000000181f8000 JavaThread "Attach Listener" daemon [_thread_blocked, id=70488, stack(0x00000000188e0000,0x00000000189e0000)]
  0x00000000181f7000 JavaThread "Signal Dispatcher" daemon [_thread_blocked, id=73992, stack(0x00000000187e0000,0x00000000188e0000)]
  0x0000000002529800 JavaThread "Finalizer" daemon [_thread_blocked, id=73580, stack(0x00000000185d0000,0x00000000186d0000)]
  0x0000000002528000 JavaThread "Reference Handler" daemon [_thread_blocked, id=69136, stack(0x00000000180d0000,0x00000000181d0000)]
  0x000000000212d800 JavaThread "main" [_thread_blocked, id=72180, stack(0x0000000002330000,0x0000000002430000)]

Other Threads:
  0x00000000162e9000 VMThread [stack: 0x0000000017fd0000,0x00000000180d0000] [id=54136]
  0x00000000182d0000 WatcherThread [stack: 0x0000000018ee0000,0x0000000018fe0000] [id=74768]

VM state:not at safepoint (normal execution)

VM Mutex/Monitor currently owned by a thread: None

Heap:
 PSYoungGen      total 157184K, used 68936K [0x00000000e0000000, 0x00000000ebd00000, 0x0000000100000000)
  eden space 123904K, 36% used [0x00000000e0000000,0x00000000e2c22220,0x00000000e7900000)
  from space 33280K, 71% used [0x00000000e9c80000,0x00000000eb3b0030,0x00000000ebd00000)
  to   space 34816K, 0% used [0x00000000e7900000,0x00000000e7900000,0x00000000e9b00000)
 ParOldGen       total 161280K, used 49185K [0x00000000a0000000, 0x00000000a9d80000, 0x00000000e0000000)
  object space 161280K, 30% used [0x00000000a0000000,0x00000000a30086f8,0x00000000a9d80000)
 Metaspace       used 62929K, capacity 65684K, committed 65880K, reserved 1105920K
  class space    used 8460K, capacity 9016K, committed 9088K, reserved 1048576K

Card table byte_map: [0x00000000118f0000,0x0000000011c00000] byte_map_base: 0x00000000113f0000

Marking Bits: (ParMarkBitMap*) 0x000000005e06b6d0
 Begin Bits: [0x0000000012600000, 0x0000000013e00000)
 End Bits:   [0x0000000013e00000, 0x0000000015600000)

Polling page: 0x0000000000910000

CodeCache: size=245760Kb used=33564Kb max_used=33591Kb free=212195Kb
 bounds [0x0000000002530000, 0x0000000004630000, 0x0000000011530000]
 total_blobs=10414 nmethods=9652 adapters=673
 compilation: enabled

Compilation events (10 events):
Event: 1483.349 Thread 0x00000000181fd800 nmethod 11734 0x0000000004278e90 code [0x0000000004278fe0, 0x00000000042792f8]
Event: 1483.843 Thread 0x000000001820b000 11735       1       org.gradle.api.internal.artifacts.ivyservice.resolveengine.graph.DependencyGraphBuilder$ModuleVersionResolveState::access$300 (5 bytes)
Event: 1483.844 Thread 0x000000001820b000 nmethod 11735 0x0000000003120050 code [0x00000000031201a0, 0x0000000003120290]
Event: 1483.844 Thread 0x000000001820b000 11736       1       org.gradle.api.internal.artifacts.ivyservice.ivyresolve.strategy.VersionParser$DefaultVersion::getParts (5 bytes)
Event: 1483.844 Thread 0x000000001820b000 nmethod 11736 0x000000000311fd90 code [0x000000000311fee0, 0x000000000311fff0]
Event: 1484.019 Thread 0x00000000181fa800 11737       4       org.gradle.api.internal.artifacts.ivyservice.ivyresolve.parser.PomDomParser$AddDTDFilterInputStream::<init> (247 bytes)
Event: 1484.020 Thread 0x0000000018205800 11738       4       java.lang.Character::digit (6 bytes)
Event: 1484.021 Thread 0x0000000018205800 nmethod 11738 0x00000000042794d0 code [0x0000000004279620, 0x0000000004279758]
Event: 1484.149 Thread 0x00000000181fa800 nmethod 11737 0x000000000461fa10 code [0x000000000461ff80, 0x0000000004625be8]
Event: 1484.248 Thread 0x00000000181fd800 11739   !   4       org.gradle.api.internal.DefaultNamedDomainObjectCollection::applyRules (95 bytes)

GC Heap History (10 events):
Event: 41.222 GC heap before
{Heap before GC invocations=19 (full 3):
 PSYoungGen      total 139776K, used 20461K [0x00000000e0000000, 0x00000000eac80000, 0x0000000100000000)
  eden space 119296K, 0% used [0x00000000e0000000,0x00000000e0000000,0x00000000e7480000)
  from space 20480K, 99% used [0x00000000e8d80000,0x00000000ea17b4f0,0x00000000ea180000)
  to   space 25600K, 0% used [0x00000000e7480000,0x00000000e7480000,0x00000000e8d80000)
 ParOldGen       total 100352K, used 32121K [0x00000000a0000000, 0x00000000a6200000, 0x00000000e0000000)
  object space 100352K, 32% used [0x00000000a0000000,0x00000000a1f5e690,0x00000000a6200000)
 Metaspace       used 56679K, capacity 58924K, committed 59028K, reserved 1099776K
  class space    used 7751K, capacity 8246K, committed 8320K, reserved 1048576K
Event: 41.471 GC heap after
Heap after GC invocations=19 (full 3):
 PSYoungGen      total 139776K, used 0K [0x00000000e0000000, 0x00000000eac80000, 0x0000000100000000)
  eden space 119296K, 0% used [0x00000000e0000000,0x00000000e0000000,0x00000000e7480000)
  from space 20480K, 0% used [0x00000000e8d80000,0x00000000e8d80000,0x00000000ea180000)
  to   space 25600K, 0% used [0x00000000e7480000,0x00000000e7480000,0x00000000e8d80000)
 ParOldGen       total 161280K, used 43521K [0x00000000a0000000, 0x00000000a9d80000, 0x00000000e0000000)
  object space 161280K, 26% used [0x00000000a0000000,0x00000000a2a80708,0x00000000a9d80000)
 Metaspace       used 56679K, capacity 58924K, committed 59028K, reserved 1099776K
  class space    used 7751K, capacity 8246K, committed 8320K, reserved 1048576K
}
Event: 44.471 GC heap before
{Heap before GC invocations=20 (full 3):
 PSYoungGen      total 139776K, used 119296K [0x00000000e0000000, 0x00000000eac80000, 0x0000000100000000)
  eden space 119296K, 100% used [0x00000000e0000000,0x00000000e7480000,0x00000000e7480000)
  from space 20480K, 0% used [0x00000000e8d80000,0x00000000e8d80000,0x00000000ea180000)
  to   space 25600K, 0% used [0x00000000e7480000,0x00000000e7480000,0x00000000e8d80000)
 ParOldGen       total 161280K, used 43521K [0x00000000a0000000, 0x00000000a9d80000, 0x00000000e0000000)
  object space 161280K, 26% used [0x00000000a0000000,0x00000000a2a80708,0x00000000a9d80000)
 Metaspace       used 57197K, capacity 59534K, committed 59736K, reserved 1101824K
  class space    used 7782K, capacity 8263K, committed 8320K, reserved 1048576K
Event: 44.475 GC heap after
Heap after GC invocations=20 (full 3):
 PSYoungGen      total 144896K, used 5472K [0x00000000e0000000, 0x00000000eb600000, 0x0000000100000000)
  eden space 119296K, 0% used [0x00000000e0000000,0x00000000e0000000,0x00000000e7480000)
  from space 25600K, 21% used [0x00000000e7480000,0x00000000e79d8000,0x00000000e8d80000)
  to   space 25088K, 0% used [0x00000000e9d80000,0x00000000e9d80000,0x00000000eb600000)
 ParOldGen       total 161280K, used 43529K [0x00000000a0000000, 0x00000000a9d80000, 0x00000000e0000000)
  object space 161280K, 26% used [0x00000000a0000000,0x00000000a2a82708,0x00000000a9d80000)
 Metaspace       used 57197K, capacity 59534K, committed 59736K, reserved 1101824K
  class space    used 7782K, capacity 8263K, committed 8320K, reserved 1048576K
}
Event: 52.412 GC heap before
{Heap before GC invocations=21 (full 3):
 PSYoungGen      total 144896K, used 124768K [0x00000000e0000000, 0x00000000eb600000, 0x0000000100000000)
  eden space 119296K, 100% used [0x00000000e0000000,0x00000000e7480000,0x00000000e7480000)
  from space 25600K, 21% used [0x00000000e7480000,0x00000000e79d8000,0x00000000e8d80000)
  to   space 25088K, 0% used [0x00000000e9d80000,0x00000000e9d80000,0x00000000eb600000)
 ParOldGen       total 161280K, used 43529K [0x00000000a0000000, 0x00000000a9d80000, 0x00000000e0000000)
  object space 161280K, 26% used [0x00000000a0000000,0x00000000a2a82708,0x00000000a9d80000)
 Metaspace       used 60410K, capacity 62820K, committed 62936K, reserved 1103872K
  class space    used 8178K, capacity 8676K, committed 8704K, reserved 1048576K
Event: 52.432 GC heap after
Heap after GC invocations=21 (full 3):
 PSYoungGen      total 155136K, used 25069K [0x00000000e0000000, 0x00000000ec080000, 0x0000000100000000)
  eden space 130048K, 0% used [0x00000000e0000000,0x00000000e0000000,0x00000000e7f00000)
  from space 25088K, 99% used [0x00000000e9d80000,0x00000000eb5fb560,0x00000000eb600000)
  to   space 31232K, 0% used [0x00000000e7f00000,0x00000000e7f00000,0x00000000e9d80000)
 ParOldGen       total 161280K, used 49169K [0x00000000a0000000, 0x00000000a9d80000, 0x00000000e0000000)
  object space 161280K, 30% used [0x00000000a0000000,0x00000000a30046f8,0x00000000a9d80000)
 Metaspace       used 60410K, capacity 62820K, committed 62936K, reserved 1103872K
  class space    used 8178K, capacity 8676K, committed 8704K, reserved 1048576K
}
Event: 1384.952 GC heap before
{Heap before GC invocations=22 (full 3):
 PSYoungGen      total 155136K, used 155117K [0x00000000e0000000, 0x00000000ec080000, 0x0000000100000000)
  eden space 130048K, 100% used [0x00000000e0000000,0x00000000e7f00000,0x00000000e7f00000)
  from space 25088K, 99% used [0x00000000e9d80000,0x00000000eb5fb560,0x00000000eb600000)
  to   space 31232K, 0% used [0x00000000e7f00000,0x00000000e7f00000,0x00000000e9d80000)
 ParOldGen       total 161280K, used 49169K [0x00000000a0000000, 0x00000000a9d80000, 0x00000000e0000000)
  object space 161280K, 30% used [0x00000000a0000000,0x00000000a30046f8,0x00000000a9d80000)
 Metaspace       used 61929K, capacity 64476K, committed 64728K, reserved 1105920K
  class space    used 8335K, capacity 8870K, committed 8960K, reserved 1048576K
Event: 1384.969 GC heap after
Heap after GC invocations=22 (full 3):
 PSYoungGen      total 150528K, used 23444K [0x00000000e0000000, 0x00000000ebd00000, 0x0000000100000000)
  eden space 126976K, 0% used [0x00000000e0000000,0x00000000e0000000,0x00000000e7c00000)
  from space 23552K, 99% used [0x00000000e7f00000,0x00000000e95e5288,0x00000000e9600000)
  to   space 33280K, 0% used [0x00000000e9c80000,0x00000000e9c80000,0x00000000ebd00000)
 ParOldGen       total 161280K, used 49177K [0x00000000a0000000, 0x00000000a9d80000, 0x00000000e0000000)
  object space 161280K, 30% used [0x00000000a0000000,0x00000000a30066f8,0x00000000a9d80000)
 Metaspace       used 61929K, capacity 64476K, committed 64728K, reserved 1105920K
  class space    used 8335K, capacity 8870K, committed 8960K, reserved 1048576K
}
Event: 1477.761 GC heap before
{Heap before GC invocations=23 (full 3):
 PSYoungGen      total 150528K, used 150420K [0x00000000e0000000, 0x00000000ebd00000, 0x0000000100000000)
  eden space 126976K, 100% used [0x00000000e0000000,0x00000000e7c00000,0x00000000e7c00000)
  from space 23552K, 99% used [0x00000000e7f00000,0x00000000e95e5288,0x00000000e9600000)
  to   space 33280K, 0% used [0x00000000e9c80000,0x00000000e9c80000,0x00000000ebd00000)
 ParOldGen       total 161280K, used 49177K [0x00000000a0000000, 0x00000000a9d80000, 0x00000000e0000000)
  object space 161280K, 30% used [0x00000000a0000000,0x00000000a30066f8,0x00000000a9d80000)
 Metaspace       used 62898K, capacity 65666K, committed 65880K, reserved 1105920K
  class space    used 8458K, capacity 9013K, committed 9088K, reserved 1048576K
Event: 1477.776 GC heap after
Heap after GC invocations=23 (full 3):
 PSYoungGen      total 157184K, used 23744K [0x00000000e0000000, 0x00000000ebd00000, 0x0000000100000000)
  eden space 123904K, 0% used [0x00000000e0000000,0x00000000e0000000,0x00000000e7900000)
  from space 33280K, 71% used [0x00000000e9c80000,0x00000000eb3b0030,0x00000000ebd00000)
  to   space 34816K, 0% used [0x00000000e7900000,0x00000000e7900000,0x00000000e9b00000)
 ParOldGen       total 161280K, used 49185K [0x00000000a0000000, 0x00000000a9d80000, 0x00000000e0000000)
  object space 161280K, 30% used [0x00000000a0000000,0x00000000a30086f8,0x00000000a9d80000)
 Metaspace       used 62898K, capacity 65666K, committed 65880K, reserved 1105920K
  class space    used 8458K, capacity 9013K, committed 9088K, reserved 1048576K
}

Deoptimization events (10 events):
Event: 1392.017 Thread 0x000000001a745000 Uncommon trap: reason=class_check action=maybe_recompile pc=0x000000000412793c method=java.util.concurrent.locks.ReentrantLock.lock()V @ 4
Event: 1392.019 Thread 0x000000001a746000 Uncommon trap: reason=bimorphic action=maybe_recompile pc=0x0000000003995ec8 method=java.util.HashMap.removeNode(ILjava/lang/Object;Ljava/lang/Object;ZZ)Ljava/util/HashMap$Node; @ 68
Event: 1476.414 Thread 0x000000001a743800 Uncommon trap: reason=class_check action=maybe_recompile pc=0x0000000004014ee0 method=java.lang.reflect.Array.newInstance(Ljava/lang/Class;I)Ljava/lang/Object; @ 2
Event: 1477.776 Thread 0x0000000002528000 Uncommon trap: reason=unstable_if action=reinterpret pc=0x0000000002a23774 method=java.lang.ref.Reference.tryHandlePending(Z)Z @ 20
Event: 1478.860 Thread 0x000000001a745000 Uncommon trap: reason=bimorphic action=maybe_recompile pc=0x0000000002ceba10 method=sun.security.provider.DigestBase.engineUpdate([BII)V @ 128
Event: 1478.871 Thread 0x000000001a745000 Uncommon trap: reason=null_check action=make_not_entrant pc=0x0000000004502370 method=org.gradle.api.internal.collections.CollectionFilter.filter(Ljava/lang/Object;)Ljava/lang/Object; @ 5
Event: 1478.902 Thread 0x000000001a745000 Uncommon trap: reason=class_check action=maybe_recompile pc=0x00000000043381ac method=com.google.common.collect.AbstractMapBasedMultimap$WrappedCollection.refreshIfEmpty()V @ 40
Event: 1478.902 Thread 0x000000001a745000 Uncommon trap: reason=class_check action=maybe_recompile pc=0x000000000432ffd8 method=com.google.common.collect.AbstractMapBasedMultimap.iteratorOrListIterator(Ljava/util/Collection;)Ljava/util/Iterator; @ 1
Event: 1478.902 Thread 0x000000001a745000 Uncommon trap: reason=class_check action=maybe_recompile pc=0x000000000430a4e0 method=com.google.common.collect.AbstractMapBasedMultimap$WrappedCollection.refreshIfEmpty()V @ 40
Event: 1478.902 Thread 0x000000001a745000 Uncommon trap: reason=class_check action=maybe_recompile pc=0x00000000042fb1f4 method=com.google.common.collect.AbstractMapBasedMultimap$WrappedCollection.refreshIfEmpty()V @ 40

Internal exceptions (10 events):
Event: 1391.979 Thread 0x000000001a746000 Exception <a 'java/lang/NoSuchMethodError': <clinit>> (0x00000000e6590c38) thrown at [C:\re\workspace\8-2-build-windows-amd64-cygwin\jdk8u121\8372\hotspot\src\share\vm\prims\jni.cpp, line 1613]
Event: 1392.030 Thread 0x000000001a746000 Exception <a 'sun/nio/fs/WindowsException'> (0x00000000e66ecc50) thrown at [C:\re\workspace\8-2-build-windows-amd64-cygwin\jdk8u121\8372\hotspot\src\share\vm\prims\jni.cpp, line 709]
Event: 1392.094 Thread 0x000000001a740800 Exception <a 'java/lang/NoSuchMethodError': <clinit>> (0x00000000e6832bb8) thrown at [C:\re\workspace\8-2-build-windows-amd64-cygwin\jdk8u121\8372\hotspot\src\share\vm\prims\jni.cpp, line 1613]
Event: 1392.096 Thread 0x000000001a740800 Exception <a 'java/lang/NoSuchMethodError': <clinit>> (0x00000000e6851fb0) thrown at [C:\re\workspace\8-2-build-windows-amd64-cygwin\jdk8u121\8372\hotspot\src\share\vm\prims\jni.cpp, line 1613]
Event: 1392.097 Thread 0x000000001a740800 Exception <a 'java/lang/NoSuchMethodError': <clinit>> (0x00000000e6872198) thrown at [C:\re\workspace\8-2-build-windows-amd64-cygwin\jdk8u121\8372\hotspot\src\share\vm\prims\jni.cpp, line 1613]
Event: 1392.097 Thread 0x000000001a740800 Exception <a 'java/lang/NoSuchMethodError': <clinit>> (0x00000000e6877c80) thrown at [C:\re\workspace\8-2-build-windows-amd64-cygwin\jdk8u121\8372\hotspot\src\share\vm\prims\jni.cpp, line 1613]
Event: 1392.098 Thread 0x000000001a740800 Exception <a 'java/lang/NoSuchMethodError': <clinit>> (0x00000000e68898f8) thrown at [C:\re\workspace\8-2-build-windows-amd64-cygwin\jdk8u121\8372\hotspot\src\share\vm\prims\jni.cpp, line 1613]
Event: 1476.612 Thread 0x000000001a745000 Exception <a 'java/lang/ClassNotFoundException': asLocalRepo3295_a8e09gxpwejk2uizz2su7eot9BeanInfo> (0x00000000e6d844f0) thrown at [C:\re\workspace\8-2-build-windows-amd64-cygwin\jdk8u121\8372\hotspot\src\share\vm\classfile\systemDictionary.cpp, line 210]
Event: 1476.612 Thread 0x000000001a745000 Exception <a 'java/lang/ClassNotFoundException': asLocalRepo3295_a8e09gxpwejk2uizz2su7eot9Customizer> (0x00000000e6d8fb30) thrown at [C:\re\workspace\8-2-build-windows-amd64-cygwin\jdk8u121\8372\hotspot\src\share\vm\classfile\systemDictionary.cpp, line 21
Event: 1478.871 Thread 0x000000001a745000 Implicit null exception at 0x0000000004502223 to 0x000000000450235d

Events (10 events):
Event: 1478.902 Thread 0x000000001a745000 DEOPT UNPACKING pc=0x000000000257582a sp=0x0000000024e9c7f0 mode 2
Event: 1478.902 Thread 0x000000001a745000 Uncommon trap: trap_request=0xffffffde fr.pc=0x000000000432ffd8
Event: 1478.902 Thread 0x000000001a745000 DEOPT PACKING pc=0x000000000432ffd8 sp=0x0000000024e9c830
Event: 1478.902 Thread 0x000000001a745000 DEOPT UNPACKING pc=0x000000000257582a sp=0x0000000024e9c710 mode 2
Event: 1478.902 Thread 0x000000001a745000 Uncommon trap: trap_request=0xffffffde fr.pc=0x000000000430a4e0
Event: 1478.902 Thread 0x000000001a745000 DEOPT PACKING pc=0x000000000430a4e0 sp=0x0000000024e9c890
Event: 1478.902 Thread 0x000000001a745000 DEOPT UNPACKING pc=0x000000000257582a sp=0x0000000024e9c7f0 mode 2
Event: 1478.902 Thread 0x000000001a745000 Uncommon trap: trap_request=0xffffffde fr.pc=0x00000000042fb1f4
Event: 1478.902 Thread 0x000000001a745000 DEOPT PACKING pc=0x00000000042fb1f4 sp=0x0000000024e9c7b0
Event: 1478.902 Thread 0x000000001a745000 DEOPT UNPACKING pc=0x000000000257582a sp=0x0000000024e9c758 mode 2


Dynamic libraries:
0x00007ff6d70e0000 - 0x00007ff6d7117000 	C:\Program Files\Java\jdk1.8.0_121\bin\java.exe
0x00007fff5d930000 - 0x00007fff5db02000 	C:\WINDOWS\SYSTEM32\ntdll.dll
0x00007fff5b0c0000 - 0x00007fff5b16c000 	C:\WINDOWS\System32\KERNEL32.DLL
0x00007fff5aa80000 - 0x00007fff5ac9d000 	C:\WINDOWS\System32\KERNELBASE.dll
0x00007fff5d4c0000 - 0x00007fff5d562000 	C:\WINDOWS\System32\ADVAPI32.dll
0x00007fff5b020000 - 0x00007fff5b0be000 	C:\WINDOWS\System32\msvcrt.dll
0x00007fff5d710000 - 0x00007fff5d769000 	C:\WINDOWS\System32\sechost.dll
0x00007fff5d5e0000 - 0x00007fff5d701000 	C:\WINDOWS\System32\RPCRT4.dll
0x00007fff5c820000 - 0x00007fff5c985000 	C:\WINDOWS\System32\USER32.dll
0x00007fff5ada0000 - 0x00007fff5adbe000 	C:\WINDOWS\System32\win32u.dll
0x00007fff5d8e0000 - 0x00007fff5d914000 	C:\WINDOWS\System32\GDI32.dll
0x00007fff59ef0000 - 0x00007fff5a070000 	C:\WINDOWS\System32\gdi32full.dll
0x00007fff52430000 - 0x00007fff526aa000 	C:\WINDOWS\WinSxS\amd64_microsoft.windows.common-controls_6595b64144ccf1df_6.0.14393.953_none_42151e83c686086b\COMCTL32.dll
0x00007fff5d180000 - 0x00007fff5d448000 	C:\WINDOWS\System32\combase.dll
0x00007fff5aca0000 - 0x00007fff5ad95000 	C:\WINDOWS\System32\ucrtbase.dll
0x00007fff59e30000 - 0x00007fff59e9a000 	C:\WINDOWS\System32\bcryptPrimitives.dll
0x00007fff5d850000 - 0x00007fff5d87e000 	C:\WINDOWS\System32\IMM32.DLL
0x000000005e0f0000 - 0x000000005e1c2000 	C:\Program Files\Java\jdk1.8.0_121\jre\bin\msvcr100.dll
0x000000005d850000 - 0x000000005e0eb000 	C:\Program Files\Java\jdk1.8.0_121\jre\bin\server\jvm.dll
0x00007fff5d010000 - 0x00007fff5d018000 	C:\WINDOWS\System32\PSAPI.DLL
0x00007fff576d0000 - 0x00007fff576d9000 	C:\WINDOWS\SYSTEM32\WSOCK32.dll
0x00007fff58160000 - 0x00007fff58183000 	C:\WINDOWS\SYSTEM32\WINMM.dll
0x00007fff573d0000 - 0x00007fff573da000 	C:\WINDOWS\SYSTEM32\VERSION.dll
0x00007fff5cb70000 - 0x00007fff5cbda000 	C:\WINDOWS\System32\WS2_32.dll
0x00000000008d0000 - 0x00000000008fb000 	C:\WINDOWS\SYSTEM32\WINMMBASE.dll
0x00007fff59ea0000 - 0x00007fff59ee2000 	C:\WINDOWS\System32\cfgmgr32.dll
0x000000005f040000 - 0x000000005f04f000 	C:\Program Files\Java\jdk1.8.0_121\jre\bin\verify.dll
0x000000005d820000 - 0x000000005d849000 	C:\Program Files\Java\jdk1.8.0_121\jre\bin\java.dll
0x000000005d800000 - 0x000000005d816000 	C:\Program Files\Java\jdk1.8.0_121\jre\bin\zip.dll
0x00007fff5b310000 - 0x00007fff5c818000 	C:\WINDOWS\System32\SHELL32.dll
0x00007fff5a070000 - 0x00007fff5a74a000 	C:\WINDOWS\System32\windows.storage.dll
0x00007fff59dd0000 - 0x00007fff59e1c000 	C:\WINDOWS\System32\powrprof.dll
0x00007fff5d580000 - 0x00007fff5d5d2000 	C:\WINDOWS\System32\shlwapi.dll
0x00007fff59dc0000 - 0x00007fff59dcf000 	C:\WINDOWS\System32\kernel.appcore.dll
0x00007fff5a800000 - 0x00007fff5a8a9000 	C:\WINDOWS\System32\shcore.dll
0x00007fff59da0000 - 0x00007fff59db4000 	C:\WINDOWS\System32\profapi.dll
0x000000005d7e0000 - 0x000000005d7fa000 	C:\Program Files\Java\jdk1.8.0_121\jre\bin\net.dll
0x00007fff59670000 - 0x00007fff596cc000 	C:\WINDOWS\system32\mswsock.dll
0x000000005d7c0000 - 0x000000005d7d1000 	C:\Program Files\Java\jdk1.8.0_121\jre\bin\nio.dll
0x00007fff50180000 - 0x00007fff5019e000 	C:\Users\Ronald\.gradle\native\23\windows-amd64\native-platform.dll
0x00007fff59810000 - 0x00007fff59827000 	C:\WINDOWS\SYSTEM32\CRYPTSP.dll
0x00007fff59270000 - 0x00007fff592a3000 	C:\WINDOWS\system32\rsaenh.dll
0x00007fff59ce0000 - 0x00007fff59d0b000 	C:\WINDOWS\SYSTEM32\bcrypt.dll
0x00007fff59500000 - 0x00007fff5951f000 	C:\WINDOWS\SYSTEM32\USERENV.dll
0x00007fff59830000 - 0x00007fff5983b000 	C:\WINDOWS\SYSTEM32\CRYPTBASE.dll
0x00007fff593f0000 - 0x00007fff59428000 	C:\WINDOWS\SYSTEM32\IPHLPAPI.DLL
0x00007fff5d570000 - 0x00007fff5d578000 	C:\WINDOWS\System32\NSI.dll
0x00007fff55e40000 - 0x00007fff55e56000 	C:\WINDOWS\SYSTEM32\dhcpcsvc6.DLL
0x00007fff55db0000 - 0x00007fff55dca000 	C:\WINDOWS\SYSTEM32\dhcpcsvc.DLL
0x000000005f030000 - 0x000000005f03d000 	C:\Program Files\Java\jdk1.8.0_121\jre\bin\management.dll

VM Arguments:
jvm_args: -Xmx1536m -Dfile.encoding=windows-1252 -Duser.country=ES -Duser.language=es -Duser.variant 
java_command: org.gradle.launcher.daemon.bootstrap.GradleDaemon 3.3
java_class_path (initial): C:\Users\Ronald\.gradle\wrapper\dists\gradle-3.3-all\55gk2rcmfc6p2dg9u9ohc3hw9\gradle-3.3\lib\gradle-launcher-3.3.jar
Launcher Type: SUN_STANDARD

Environment Variables:
PATH=C:\Program Files (x86)\Common Files\Intel\Shared Files\cpp\bin\Intel64;C:\ProgramData\Oracle\Java\javapath;C:\WINDOWS\system32;C:\WINDOWS;C:\WINDOWS\System32\Wbem;C:\WINDOWS\System32\WindowsPowerShell\v1.0\;C:\Program Files (x86)\Windows Live\Shared;C:\Program Files (x86)\Microsoft ASP.NET\ASP.NET Web Pages\v1.0\;C:\Program Files (x86)\Windows Kits\8.0\Windows Performance Toolkit\;C:\Program Files\Microsoft SQL Server\110\Tools\Binn\;C:\Program Files\Microsoft\Web Platform Installer\;C:\Program Files (x86)\MySQL\MySQL Fabric 1.5 & MySQL Utilities 1.5\;C:\Program Files (x86)\MySQL\MySQL Fabric 1.5 & MySQL Utilities 1.5\Doctrine extensions for PHP\;C:\Program Files (x86)\Microsoft SQL Server\110\DTS\Binn\;C:\Program Files (x86)\Microsoft SQL Server\110\Tools\Binn\;C:\Program Files (x86)\Microsoft SQL Server\110\Tools\Binn\ManagementStudio\;C:\Program Files (x86)\Microsoft Visual Studio 10.0\Common7\IDE\PrivateAssemblies\;C:\Program Files (x86)\Microsoft SQL Server\Client SDK\ODBC\110\Tools\Binn\;C:\Program Files (x86)\Microsoft SQL Server\120\Tools\Binn\;C:\Program Files (x86)\Microsoft SQL Server\120\DTS\Binn\;C:\Program Files (x86)\Microsoft SQL Server\120\Tools\Binn\ManagementStudio\;C:\Program Files\Git\cmd;C:\Program Files\Microsoft SQL Server\Client SDK\ODBC\110\Tools\Binn\;C:\Program Files\Microsoft SQL Server\120\Tools\Binn\;C:\Program Files\Microsoft SQL Server\120\DTS\Binn\;C:\Program Files\PuTTY\;C:\Program Files (x86)\ESET\ESET Remote Administrator\Console\;C:\Program Files\nodejs\;C:\Ruby23-x64\bin;C:\Program Files (x86)\Microsoft VS Code\bin;C:\Users\Ronald\AppData\Local\Microsoft\WindowsApps;C:\Users\Ronald\AppData\Roaming\npm
USERNAME=Ronald
OS=Windows_NT
PROCESSOR_IDENTIFIER=Intel64 Family 6 Model 60 Stepping 3, GenuineIntel



---------------  S Y S T E M  ---------------

OS: Windows 10.0 , 64 bit Build 14393 (10.0.14393.1198)

CPU:total 8 (4 cores per cpu, 2 threads per core) family 6 model 60 stepping 3, cmov, cx8, fxsr, mmx, sse, sse2, sse3, ssse3, sse4.1, sse4.2, popcnt, avx, avx2, aes, clmul, erms, lzcnt, ht, tsc, tscinvbit, bmi1, bmi2

Memory: 4k page, physical 8298028k(1895892k free), swap 9834028k(4336k free)

vm_info: Java HotSpot(TM) 64-Bit Server VM (25.121-b13) for windows-amd64 JRE (1.8.0_121-b13), built on Dec 12 2016 18:21:36 by "java_re" with MS VC++ 10.0 (VS2010)

time: Fri Dec 29 12:33:07 2017
elapsed time: 1484 seconds (0d 0h 24m 44s)

