#
# There is insufficient memory for the Java Runtime Environment to continue.
# Native memory allocation (malloc) failed to allocate 1280336 bytes for Chunk::new
# Possible reasons:
#   The system is out of physical RAM or swap space
#   In 32 bit mode, the process size limit was hit
# Possible solutions:
#   Reduce memory load on the system
#   Increase physical memory or swap space
#   Check if swap backing store is full
#   Use 64 bit Java on a 64 bit OS
#   Decrease Java heap size (-Xmx/-Xms)
#   Decrease number of Java threads
#   Decrease Java thread stack sizes (-Xss)
#   Set larger code cache with -XX:ReservedCodeCacheSize=
# This output file may be truncated or incomplete.
#
#  Out of Memory Error (allocation.cpp:390), pid=65656, tid=0x0000000000010a64
#
# JRE version: Java(TM) SE Runtime Environment (8.0_121-b13) (build 1.8.0_121-b13)
# Java VM: Java HotSpot(TM) 64-Bit Server VM (25.121-b13 mixed mode windows-amd64 compressed oops)
# Failed to write core dump. Minidumps are not enabled by default on client versions of Windows
#

---------------  T H R E A D  ---------------

Current thread (0x0000000018ab0000):  JavaThread "C2 CompilerThread2" daemon [_thread_in_native, id=68196, stack(0x0000000019490000,0x0000000019590000)]

Stack: [0x0000000019490000,0x0000000019590000]
[error occurred during error reporting (printing stack bounds), id 0xc0000005]

Native frames: (J=compiled Java code, j=interpreted, Vv=VM code, C=native code)


Current CompileTask:
C2:  38578 5001       4       com.android.repository.impl.manager.LocalRepoLoaderImpl::collectPackages (129 bytes)


---------------  P R O C E S S  ---------------

Java Threads: ( => current thread )
  0x000000001a773000 JavaThread "File lock request listener" [_thread_in_native, id=65828, stack(0x000000001e820000,0x000000001e920000)]
  0x000000001a876000 JavaThread "Stdin handler" [_thread_blocked, id=65812, stack(0x000000001bff0000,0x000000001c0f0000)]
  0x000000001a889000 JavaThread "Asynchronous log dispatcher for DefaultDaemonConnection: socket connection from /127.0.0.1:52642 to /127.0.0.1:52643" [_thread_blocked, id=65808, stack(0x000000001bef0000,0x000000001bff0000)]
  0x000000001a866000 JavaThread "Daemon worker" [_thread_in_native, id=65796, stack(0x000000001bdf0000,0x000000001bef0000)]
  0x000000001a878800 JavaThread "Cancel handler" [_thread_blocked, id=65792, stack(0x000000001bcf0000,0x000000001bdf0000)]
  0x000000001a850000 JavaThread "Handler for socket connection from /127.0.0.1:52642 to /127.0.0.1:52643" [_thread_in_native, id=65788, stack(0x000000001bbf0000,0x000000001bcf0000)]
  0x000000001a84f000 JavaThread "Daemon" [_thread_blocked, id=65784, stack(0x000000001baf0000,0x000000001bbf0000)]
  0x000000001a7ad800 JavaThread "Incoming local TCP Connector on port 52642" [_thread_in_native, id=65776, stack(0x000000001b6a0000,0x000000001b7a0000)]
  0x000000001a3ab800 JavaThread "pool-1-thread-1" [_thread_blocked, id=65772, stack(0x000000001b3a0000,0x000000001b4a0000)]
  0x0000000018b41800 JavaThread "Service Thread" daemon [_thread_blocked, id=65760, stack(0x0000000019690000,0x0000000019790000)]
  0x0000000018ab6000 JavaThread "C1 CompilerThread3" daemon [_thread_blocked, id=65756, stack(0x0000000019590000,0x0000000019690000)]
=>0x0000000018ab0000 JavaThread "C2 CompilerThread2" daemon [_thread_in_native, id=68196, stack(0x0000000019490000,0x0000000019590000)]
  0x0000000018aac800 JavaThread "C2 CompilerThread1" daemon [_thread_blocked, id=65752, stack(0x0000000019390000,0x0000000019490000)]
  0x0000000018aa9800 JavaThread "C2 CompilerThread0" daemon [_thread_blocked, id=65748, stack(0x0000000019290000,0x0000000019390000)]
  0x0000000018aa7000 JavaThread "Attach Listener" daemon [_thread_blocked, id=65744, stack(0x0000000019190000,0x0000000019290000)]
  0x0000000018aa6000 JavaThread "Signal Dispatcher" daemon [_thread_blocked, id=65740, stack(0x0000000019090000,0x0000000019190000)]
  0x0000000002dde000 JavaThread "Finalizer" daemon [_thread_blocked, id=65736, stack(0x0000000018e80000,0x0000000018f80000)]
  0x0000000002dd7000 JavaThread "Reference Handler" daemon [_thread_blocked, id=65732, stack(0x0000000018980000,0x0000000018a80000)]
  0x000000000297d800 JavaThread "main" [_thread_blocked, id=65700, stack(0x0000000002be0000,0x0000000002ce0000)]

Other Threads:
  0x0000000016b99000 VMThread [stack: 0x0000000018880000,0x0000000018980000] [id=65728]
  0x0000000018ae5000 WatcherThread [stack: 0x0000000019790000,0x0000000019890000] [id=65764]

VM state:not at safepoint (normal execution)

VM Mutex/Monitor currently owned by a thread: None

Heap:
 PSYoungGen      total 91136K, used 87788K [0x00000000e0000000, 0x00000000e7600000, 0x0000000100000000)
  eden space 79872K, 98% used [0x00000000e0000000,0x00000000e4d11c00,0x00000000e4e00000)
  from space 11264K, 78% used [0x00000000e4e00000,0x00000000e56a95d0,0x00000000e5900000)
  to   space 11264K, 0% used [0x00000000e6b00000,0x00000000e6b00000,0x00000000e7600000)
 ParOldGen       total 101888K, used 14896K [0x00000000a0000000, 0x00000000a6380000, 0x00000000e0000000)
  object space 101888K, 14% used [0x00000000a0000000,0x00000000a0e8c200,0x00000000a6380000)
 Metaspace       used 43415K, capacity 44384K, committed 44632K, reserved 1087488K
  class space    used 5938K, capacity 6189K, committed 6272K, reserved 1048576K

Card table byte_map: [0x00000000121a0000,0x00000000124b0000] byte_map_base: 0x0000000011ca0000

Marking Bits: (ParMarkBitMap*) 0x000000005279b6d0
 Begin Bits: [0x0000000012eb0000, 0x00000000146b0000)
 End Bits:   [0x00000000146b0000, 0x0000000015eb0000)

Polling page: 0x0000000001300000

CodeCache: size=245760Kb used=17051Kb max_used=17066Kb free=228709Kb
 bounds [0x0000000002de0000, 0x0000000003ea0000, 0x0000000011de0000]
 total_blobs=5182 nmethods=4452 adapters=641
 compilation: enabled

Compilation events (10 events):
Event: 34.472 Thread 0x0000000018ab6000 nmethod 4996 0x0000000003e94350 code [0x0000000003e944a0, 0x0000000003e945f0]
Event: 36.506 Thread 0x0000000018aac800 4997       4       sun.nio.fs.WindowsException::translateToIOException (109 bytes)
Event: 36.509 Thread 0x0000000018aac800 nmethod 4997 0x0000000003e93b10 code [0x0000000003e93c80, 0x0000000003e940a8]
Event: 37.073 Thread 0x0000000018ab0000 4998       4       sun.nio.fs.WindowsException::rethrowAsIOException (39 bytes)
Event: 37.075 Thread 0x0000000018ab0000 nmethod 4998 0x0000000003e97ad0 code [0x0000000003e97c40, 0x0000000003e980a8]
Event: 37.190 Thread 0x0000000018aa9800 4999       4       sun.nio.fs.WindowsException::<init> (15 bytes)
Event: 37.192 Thread 0x0000000018aa9800 nmethod 4999 0x0000000003e93510 code [0x0000000003e93660, 0x0000000003e939a8]
Event: 38.234 Thread 0x0000000018aac800 5000       4       java.util.Iterator::forEachRemaining (30 bytes)
Event: 38.238 Thread 0x0000000018ab0000 5001       4       com.android.repository.impl.manager.LocalRepoLoaderImpl::collectPackages (129 bytes)
Event: 38.250 Thread 0x0000000018aac800 nmethod 5000 0x0000000003e9ca50 code [0x0000000003e9cc80, 0x0000000003e9dfa0]

GC Heap History (10 events):
Event: 15.592 GC heap before
{Heap before GC invocations=9 (full 1):
 PSYoungGen      total 57344K, used 53713K [0x00000000e0000000, 0x00000000e5300000, 0x0000000100000000)
  eden space 46592K, 100% used [0x00000000e0000000,0x00000000e2d80000,0x00000000e2d80000)
  from space 10752K, 66% used [0x00000000e2d80000,0x00000000e3474500,0x00000000e3800000)
  to   space 10240K, 0% used [0x00000000e4900000,0x00000000e4900000,0x00000000e5300000)
 ParOldGen       total 69120K, used 9476K [0x00000000a0000000, 0x00000000a4380000, 0x00000000e0000000)
  object space 69120K, 13% used [0x00000000a0000000,0x00000000a0941038,0x00000000a4380000)
 Metaspace       used 33314K, capacity 34012K, committed 34304K, reserved 1079296K
  class space    used 4589K, capacity 4768K, committed 4864K, reserved 1048576K
Event: 15.601 GC heap after
Heap after GC invocations=9 (full 1):
 PSYoungGen      total 73216K, used 9555K [0x00000000e0000000, 0x00000000e5380000, 0x0000000100000000)
  eden space 62976K, 0% used [0x00000000e0000000,0x00000000e0000000,0x00000000e3d80000)
  from space 10240K, 93% used [0x00000000e4900000,0x00000000e5254d30,0x00000000e5300000)
  to   space 11264K, 0% used [0x00000000e3d80000,0x00000000e3d80000,0x00000000e4880000)
 ParOldGen       total 69120K, used 9548K [0x00000000a0000000, 0x00000000a4380000, 0x00000000e0000000)
  object space 69120K, 13% used [0x00000000a0000000,0x00000000a0953048,0x00000000a4380000)
 Metaspace       used 33314K, capacity 34012K, committed 34304K, reserved 1079296K
  class space    used 4589K, capacity 4768K, committed 4864K, reserved 1048576K
}
Event: 16.089 GC heap before
{Heap before GC invocations=10 (full 1):
 PSYoungGen      total 73216K, used 23724K [0x00000000e0000000, 0x00000000e5380000, 0x0000000100000000)
  eden space 62976K, 22% used [0x00000000e0000000,0x00000000e0dd64e0,0x00000000e3d80000)
  from space 10240K, 93% used [0x00000000e4900000,0x00000000e5254d30,0x00000000e5300000)
  to   space 11264K, 0% used [0x00000000e3d80000,0x00000000e3d80000,0x00000000e4880000)
 ParOldGen       total 69120K, used 9548K [0x00000000a0000000, 0x00000000a4380000, 0x00000000e0000000)
  object space 69120K, 13% used [0x00000000a0000000,0x00000000a0953048,0x00000000a4380000)
 Metaspace       used 34600K, capacity 35336K, committed 35416K, reserved 1079296K
  class space    used 4775K, capacity 4976K, committed 4992K, reserved 1048576K
Event: 16.096 GC heap after
Heap after GC invocations=10 (full 1):
 PSYoungGen      total 74240K, used 8396K [0x00000000e0000000, 0x00000000e6600000, 0x0000000100000000)
  eden space 62976K, 0% used [0x00000000e0000000,0x00000000e0000000,0x00000000e3d80000)
  from space 11264K, 74% used [0x00000000e3d80000,0x00000000e45b31c0,0x00000000e4880000)
  to   space 11776K, 0% used [0x00000000e5a80000,0x00000000e5a80000,0x00000000e6600000)
 ParOldGen       total 69120K, used 9556K [0x00000000a0000000, 0x00000000a4380000, 0x00000000e0000000)
  object space 69120K, 13% used [0x00000000a0000000,0x00000000a0955048,0x00000000a4380000)
 Metaspace       used 34600K, capacity 35336K, committed 35416K, reserved 1079296K
  class space    used 4775K, capacity 4976K, committed 4992K, reserved 1048576K
}
Event: 16.096 GC heap before
{Heap before GC invocations=11 (full 2):
 PSYoungGen      total 74240K, used 8396K [0x00000000e0000000, 0x00000000e6600000, 0x0000000100000000)
  eden space 62976K, 0% used [0x00000000e0000000,0x00000000e0000000,0x00000000e3d80000)
  from space 11264K, 74% used [0x00000000e3d80000,0x00000000e45b31c0,0x00000000e4880000)
  to   space 11776K, 0% used [0x00000000e5a80000,0x00000000e5a80000,0x00000000e6600000)
 ParOldGen       total 69120K, used 9556K [0x00000000a0000000, 0x00000000a4380000, 0x00000000e0000000)
  object space 69120K, 13% used [0x00000000a0000000,0x00000000a0955048,0x00000000a4380000)
 Metaspace       used 34600K, capacity 35336K, committed 35416K, reserved 1079296K
  class space    used 4775K, capacity 4976K, committed 4992K, reserved 1048576K
Event: 16.156 GC heap after
Heap after GC invocations=11 (full 2):
 PSYoungGen      total 74240K, used 0K [0x00000000e0000000, 0x00000000e6600000, 0x0000000100000000)
  eden space 62976K, 0% used [0x00000000e0000000,0x00000000e0000000,0x00000000e3d80000)
  from space 11264K, 0% used [0x00000000e3d80000,0x00000000e3d80000,0x00000000e4880000)
  to   space 11776K, 0% used [0x00000000e5a80000,0x00000000e5a80000,0x00000000e6600000)
 ParOldGen       total 101888K, used 14880K [0x00000000a0000000, 0x00000000a6380000, 0x00000000e0000000)
  object space 101888K, 14% used [0x00000000a0000000,0x00000000a0e88200,0x00000000a6380000)
 Metaspace       used 34600K, capacity 35336K, committed 35416K, reserved 1079296K
  class space    used 4775K, capacity 4976K, committed 4992K, reserved 1048576K
}
Event: 17.535 GC heap before
{Heap before GC invocations=12 (full 2):
 PSYoungGen      total 74240K, used 62976K [0x00000000e0000000, 0x00000000e6600000, 0x0000000100000000)
  eden space 62976K, 100% used [0x00000000e0000000,0x00000000e3d80000,0x00000000e3d80000)
  from space 11264K, 0% used [0x00000000e3d80000,0x00000000e3d80000,0x00000000e4880000)
  to   space 11776K, 0% used [0x00000000e5a80000,0x00000000e5a80000,0x00000000e6600000)
 ParOldGen       total 101888K, used 14880K [0x00000000a0000000, 0x00000000a6380000, 0x00000000e0000000)
  object space 101888K, 14% used [0x00000000a0000000,0x00000000a0e88200,0x00000000a6380000)
 Metaspace       used 37908K, capacity 38706K, committed 39000K, reserved 1083392K
  class space    used 5184K, capacity 5426K, committed 5504K, reserved 1048576K
Event: 17.540 GC heap after
Heap after GC invocations=12 (full 2):
 PSYoungGen      total 89600K, used 6598K [0x00000000e0000000, 0x00000000e6400000, 0x0000000100000000)
  eden space 79872K, 0% used [0x00000000e0000000,0x00000000e0000000,0x00000000e4e00000)
  from space 9728K, 67% used [0x00000000e5a80000,0x00000000e60f1890,0x00000000e6400000)
  to   space 11264K, 0% used [0x00000000e4e00000,0x00000000e4e00000,0x00000000e5900000)
 ParOldGen       total 101888K, used 14888K [0x00000000a0000000, 0x00000000a6380000, 0x00000000e0000000)
  object space 101888K, 14% used [0x00000000a0000000,0x00000000a0e8a200,0x00000000a6380000)
 Metaspace       used 37908K, capacity 38706K, committed 39000K, reserved 1083392K
  class space    used 5184K, capacity 5426K, committed 5504K, reserved 1048576K
}
Event: 29.215 GC heap before
{Heap before GC invocations=13 (full 2):
 PSYoungGen      total 89600K, used 86470K [0x00000000e0000000, 0x00000000e6400000, 0x0000000100000000)
  eden space 79872K, 100% used [0x00000000e0000000,0x00000000e4e00000,0x00000000e4e00000)
  from space 9728K, 67% used [0x00000000e5a80000,0x00000000e60f1890,0x00000000e6400000)
  to   space 11264K, 0% used [0x00000000e4e00000,0x00000000e4e00000,0x00000000e5900000)
 ParOldGen       total 101888K, used 14888K [0x00000000a0000000, 0x00000000a6380000, 0x00000000e0000000)
  object space 101888K, 14% used [0x00000000a0000000,0x00000000a0e8a200,0x00000000a6380000)
 Metaspace       used 42921K, capacity 43792K, committed 43992K, reserved 1087488K
  class space    used 5902K, capacity 6133K, committed 6144K, reserved 1048576K
Event: 29.221 GC heap after
Heap after GC invocations=13 (full 2):
 PSYoungGen      total 91136K, used 8869K [0x00000000e0000000, 0x00000000e7600000, 0x0000000100000000)
  eden space 79872K, 0% used [0x00000000e0000000,0x00000000e0000000,0x00000000e4e00000)
  from space 11264K, 78% used [0x00000000e4e00000,0x00000000e56a95d0,0x00000000e5900000)
  to   space 11264K, 0% used [0x00000000e6b00000,0x00000000e6b00000,0x00000000e7600000)
 ParOldGen       total 101888K, used 14896K [0x00000000a0000000, 0x00000000a6380000, 0x00000000e0000000)
  object space 101888K, 14% used [0x00000000a0000000,0x00000000a0e8c200,0x00000000a6380000)
 Metaspace       used 42921K, capacity 43792K, committed 43992K, reserved 1087488K
  class space    used 5902K, capacity 6133K, committed 6144K, reserved 1048576K
}

Deoptimization events (10 events):
Event: 28.907 Thread 0x000000001a866000 Uncommon trap: reason=bimorphic action=maybe_recompile pc=0x00000000030cdcb4 method=com.sun.org.apache.xerces.internal.impl.XMLDocumentFragmentScannerImpl.scanEndElement()I @ 145
Event: 29.023 Thread 0x000000001a866000 Uncommon trap: reason=unstable_if action=reinterpret pc=0x00000000038477c8 method=java.lang.CharacterDataLatin1.digit(II)I @ 31
Event: 29.024 Thread 0x000000001a866000 Uncommon trap: reason=bimorphic action=maybe_recompile pc=0x00000000030cdcb4 method=com.sun.org.apache.xerces.internal.impl.XMLDocumentFragmentScannerImpl.scanEndElement()I @ 145
Event: 29.024 Thread 0x000000001a866000 Uncommon trap: reason=bimorphic action=maybe_recompile pc=0x00000000030cdcb4 method=com.sun.org.apache.xerces.internal.impl.XMLDocumentFragmentScannerImpl.scanEndElement()I @ 145
Event: 29.025 Thread 0x000000001a866000 Uncommon trap: reason=bimorphic action=maybe_recompile pc=0x00000000030cdcb4 method=com.sun.org.apache.xerces.internal.impl.XMLDocumentFragmentScannerImpl.scanEndElement()I @ 145
Event: 29.065 Thread 0x000000001a866000 Uncommon trap: reason=unstable_if action=reinterpret pc=0x00000000036d6f40 method=java.util.regex.Pattern$NotBehind.match(Ljava/util/regex/Matcher;ILjava/lang/CharSequence;)Z @ 128
Event: 29.068 Thread 0x000000001a866000 Uncommon trap: reason=unstable_if action=reinterpret pc=0x00000000037a5928 method=java.lang.CharacterDataLatin1.digit(II)I @ 31
Event: 29.222 Thread 0x0000000002dde000 Uncommon trap: reason=unstable_if action=reinterpret pc=0x000000000322ff74 method=java.lang.ref.ReferenceQueue.poll()Ljava/lang/ref/Reference; @ 4
Event: 29.899 Thread 0x000000001a866000 Uncommon trap: reason=unstable_if action=reinterpret pc=0x00000000030c910c method=java.util.regex.Pattern$Ctype.isSatisfiedBy(I)Z @ 4
Event: 29.899 Thread 0x000000001a866000 Uncommon trap: reason=unstable_if action=reinterpret pc=0x0000000003ddb0b8 method=java.util.regex.Pattern$BitClass.isSatisfiedBy(I)Z @ 4

Internal exceptions (10 events):
Event: 38.476 Thread 0x000000001a866000 Exception <a 'sun/nio/fs/WindowsException'> (0x00000000e4cc3da0) thrown at [C:\re\workspace\8-2-build-windows-amd64-cygwin\jdk8u121\8372\hotspot\src\share\vm\prims\jni.cpp, line 709]
Event: 38.476 Thread 0x000000001a866000 Exception <a 'sun/nio/fs/WindowsException'> (0x00000000e4cc4a60) thrown at [C:\re\workspace\8-2-build-windows-amd64-cygwin\jdk8u121\8372\hotspot\src\share\vm\prims\jni.cpp, line 709]
Event: 38.494 Thread 0x000000001a866000 Exception <a 'sun/nio/fs/WindowsException'> (0x00000000e4cd6128) thrown at [C:\re\workspace\8-2-build-windows-amd64-cygwin\jdk8u121\8372\hotspot\src\share\vm\prims\jni.cpp, line 709]
Event: 38.494 Thread 0x000000001a866000 Exception <a 'sun/nio/fs/WindowsException'> (0x00000000e4cd6d80) thrown at [C:\re\workspace\8-2-build-windows-amd64-cygwin\jdk8u121\8372\hotspot\src\share\vm\prims\jni.cpp, line 709]
Event: 38.494 Thread 0x000000001a866000 Exception <a 'sun/nio/fs/WindowsException'> (0x00000000e4cd8a10) thrown at [C:\re\workspace\8-2-build-windows-amd64-cygwin\jdk8u121\8372\hotspot\src\share\vm\prims\jni.cpp, line 709]
Event: 38.495 Thread 0x000000001a866000 Exception <a 'sun/nio/fs/WindowsException'> (0x00000000e4cd96a8) thrown at [C:\re\workspace\8-2-build-windows-amd64-cygwin\jdk8u121\8372\hotspot\src\share\vm\prims\jni.cpp, line 709]
Event: 38.499 Thread 0x000000001a866000 Exception <a 'sun/nio/fs/WindowsException'> (0x00000000e4ce3e08) thrown at [C:\re\workspace\8-2-build-windows-amd64-cygwin\jdk8u121\8372\hotspot\src\share\vm\prims\jni.cpp, line 709]
Event: 38.499 Thread 0x000000001a866000 Exception <a 'sun/nio/fs/WindowsException'> (0x00000000e4ce4a40) thrown at [C:\re\workspace\8-2-build-windows-amd64-cygwin\jdk8u121\8372\hotspot\src\share\vm\prims\jni.cpp, line 709]
Event: 38.499 Thread 0x000000001a866000 Exception <a 'sun/nio/fs/WindowsException'> (0x00000000e4ce66a8) thrown at [C:\re\workspace\8-2-build-windows-amd64-cygwin\jdk8u121\8372\hotspot\src\share\vm\prims\jni.cpp, line 709]
Event: 38.500 Thread 0x000000001a866000 Exception <a 'sun/nio/fs/WindowsException'> (0x00000000e4ce7320) thrown at [C:\re\workspace\8-2-build-windows-amd64-cygwin\jdk8u121\8372\hotspot\src\share\vm\prims\jni.cpp, line 709]

Events (10 events):
Event: 30.431 loading class com/android/repository/impl/meta/RepositoryPackages
Event: 30.431 loading class com/android/repository/impl/meta/RepositoryPackages done
Event: 30.431 loading class com/android/repository/impl/meta/RepositoryPackages
Event: 30.431 loading class com/android/repository/impl/meta/RepositoryPackages done
Event: 30.431 loading class com/android/sdklib/repository/AndroidSdkHandler
Event: 30.431 loading class com/android/sdklib/repository/AndroidSdkHandler done
Event: 30.431 loading class com/android/repository/api/RepoManager$RepoLoadedCallback
Event: 30.431 loading class com/android/repository/api/RepoManager$RepoLoadedCallback done
Event: 30.432 loading class java/nio/file/attribute/FileTime
Event: 30.432 loading class java/nio/file/attribute/FileTime done


Dynamic libraries:
0x00007ff7f8960000 - 0x00007ff7f8997000 	C:\Program Files\Java\jdk1.8.0_121\bin\java.exe
0x00007ffe15470000 - 0x00007ffe15642000 	C:\WINDOWS\SYSTEM32\ntdll.dll
0x00007ffe12f50000 - 0x00007ffe12ffc000 	C:\WINDOWS\System32\KERNEL32.DLL
0x00007ffe11970000 - 0x00007ffe11b8d000 	C:\WINDOWS\System32\KERNELBASE.dll
0x00007ffe12ea0000 - 0x00007ffe12f42000 	C:\WINDOWS\System32\ADVAPI32.dll
0x00007ffe12ce0000 - 0x00007ffe12d7e000 	C:\WINDOWS\System32\msvcrt.dll
0x00007ffe12e40000 - 0x00007ffe12e99000 	C:\WINDOWS\System32\sechost.dll
0x00007ffe152f0000 - 0x00007ffe15411000 	C:\WINDOWS\System32\RPCRT4.dll
0x00007ffe13480000 - 0x00007ffe135e5000 	C:\WINDOWS\System32\USER32.dll
0x00007ffe11b90000 - 0x00007ffe11bae000 	C:\WINDOWS\System32\win32u.dll
0x00007ffe13110000 - 0x00007ffe13144000 	C:\WINDOWS\System32\GDI32.dll
0x00007ffe12880000 - 0x00007ffe12a00000 	C:\WINDOWS\System32\gdi32full.dll
0x00007ffe08460000 - 0x00007ffe086da000 	C:\WINDOWS\WinSxS\amd64_microsoft.windows.common-controls_6595b64144ccf1df_6.0.14393.953_none_42151e83c686086b\COMCTL32.dll
0x00007ffe12a10000 - 0x00007ffe12cd8000 	C:\WINDOWS\System32\combase.dll
0x00007ffe12550000 - 0x00007ffe12645000 	C:\WINDOWS\System32\ucrtbase.dll
0x00007ffe11c60000 - 0x00007ffe11cca000 	C:\WINDOWS\System32\bcryptPrimitives.dll
0x00007ffe15420000 - 0x00007ffe1544e000 	C:\WINDOWS\System32\IMM32.DLL
0x0000000052820000 - 0x00000000528f2000 	C:\Program Files\Java\jdk1.8.0_121\jre\bin\msvcr100.dll
0x0000000051f80000 - 0x000000005281b000 	C:\Program Files\Java\jdk1.8.0_121\jre\bin\server\jvm.dll
0x00007ffe152e0000 - 0x00007ffe152e8000 	C:\WINDOWS\System32\PSAPI.DLL
0x00007ffe0f870000 - 0x00007ffe0f879000 	C:\WINDOWS\SYSTEM32\WSOCK32.dll
0x00007ffe13730000 - 0x00007ffe1379a000 	C:\WINDOWS\System32\WS2_32.dll
0x00007ffe0f920000 - 0x00007ffe0f943000 	C:\WINDOWS\SYSTEM32\WINMM.dll
0x00007ffe0ebd0000 - 0x00007ffe0ebda000 	C:\WINDOWS\SYSTEM32\VERSION.dll
0x0000000002930000 - 0x000000000295b000 	C:\WINDOWS\SYSTEM32\WINMMBASE.dll
0x00007ffe12460000 - 0x00007ffe124a2000 	C:\WINDOWS\System32\cfgmgr32.dll
0x0000000053b00000 - 0x0000000053b0f000 	C:\Program Files\Java\jdk1.8.0_121\jre\bin\verify.dll
0x0000000051f50000 - 0x0000000051f79000 	C:\Program Files\Java\jdk1.8.0_121\jre\bin\java.dll
0x0000000051f30000 - 0x0000000051f46000 	C:\Program Files\Java\jdk1.8.0_121\jre\bin\zip.dll
0x00007ffe13dd0000 - 0x00007ffe152d8000 	C:\WINDOWS\System32\SHELL32.dll
0x00007ffe11d80000 - 0x00007ffe1245a000 	C:\WINDOWS\System32\windows.storage.dll
0x00007ffe11910000 - 0x00007ffe1195c000 	C:\WINDOWS\System32\powrprof.dll
0x00007ffe13000000 - 0x00007ffe13052000 	C:\WINDOWS\System32\shlwapi.dll
0x00007ffe11960000 - 0x00007ffe1196f000 	C:\WINDOWS\System32\kernel.appcore.dll
0x00007ffe11bb0000 - 0x00007ffe11c59000 	C:\WINDOWS\System32\shcore.dll
0x00007ffe118e0000 - 0x00007ffe118f4000 	C:\WINDOWS\System32\profapi.dll
0x0000000051f10000 - 0x0000000051f2a000 	C:\Program Files\Java\jdk1.8.0_121\jre\bin\net.dll
0x00007ffe111b0000 - 0x00007ffe1120c000 	C:\WINDOWS\system32\mswsock.dll
0x0000000051ef0000 - 0x0000000051f01000 	C:\Program Files\Java\jdk1.8.0_121\jre\bin\nio.dll
0x00007ffe00ec0000 - 0x00007ffe00ede000 	C:\Users\Ronald\.gradle\native\23\windows-amd64\native-platform.dll
0x00007ffe11360000 - 0x00007ffe11377000 	C:\WINDOWS\SYSTEM32\CRYPTSP.dll
0x00007ffe10db0000 - 0x00007ffe10de3000 	C:\WINDOWS\system32\rsaenh.dll
0x00007ffe11820000 - 0x00007ffe1184b000 	C:\WINDOWS\SYSTEM32\bcrypt.dll
0x00007ffe11040000 - 0x00007ffe1105f000 	C:\WINDOWS\SYSTEM32\USERENV.dll
0x00007ffe11350000 - 0x00007ffe1135b000 	C:\WINDOWS\SYSTEM32\CRYPTBASE.dll
0x00007ffe10f30000 - 0x00007ffe10f68000 	C:\WINDOWS\SYSTEM32\IPHLPAPI.DLL
0x00007ffe13100000 - 0x00007ffe13108000 	C:\WINDOWS\System32\NSI.dll
0x00007ffe0b5a0000 - 0x00007ffe0b5b6000 	C:\WINDOWS\SYSTEM32\dhcpcsvc6.DLL
0x00007ffe0b430000 - 0x00007ffe0b44a000 	C:\WINDOWS\SYSTEM32\dhcpcsvc.DLL
0x0000000053af0000 - 0x0000000053afd000 	C:\Program Files\Java\jdk1.8.0_121\jre\bin\management.dll

VM Arguments:
jvm_args: -Xmx1536m -Dfile.encoding=windows-1252 -Duser.country=ES -Duser.language=es -Duser.variant 
java_command: org.gradle.launcher.daemon.bootstrap.GradleDaemon 3.3
java_class_path (initial): C:\Users\Ronald\.gradle\wrapper\dists\gradle-3.3-all\55gk2rcmfc6p2dg9u9ohc3hw9\gradle-3.3\lib\gradle-launcher-3.3.jar
Launcher Type: SUN_STANDARD

Environment Variables:
PATH=C:\Program Files (x86)\Common Files\Intel\Shared Files\cpp\bin\Intel64;C:\ProgramData\Oracle\Java\javapath;C:\WINDOWS\system32;C:\WINDOWS;C:\WINDOWS\System32\Wbem;C:\WINDOWS\System32\WindowsPowerShell\v1.0\;C:\Program Files (x86)\Windows Live\Shared;C:\Program Files (x86)\Microsoft ASP.NET\ASP.NET Web Pages\v1.0\;C:\Program Files (x86)\Windows Kits\8.0\Windows Performance Toolkit\;C:\Program Files\Microsoft SQL Server\110\Tools\Binn\;C:\Program Files\Microsoft\Web Platform Installer\;C:\Program Files (x86)\MySQL\MySQL Fabric 1.5 & MySQL Utilities 1.5\;C:\Program Files (x86)\MySQL\MySQL Fabric 1.5 & MySQL Utilities 1.5\Doctrine extensions for PHP\;C:\Program Files (x86)\Microsoft SQL Server\110\DTS\Binn\;C:\Program Files (x86)\Microsoft SQL Server\110\Tools\Binn\;C:\Program Files (x86)\Microsoft SQL Server\110\Tools\Binn\ManagementStudio\;C:\Program Files (x86)\Microsoft Visual Studio 10.0\Common7\IDE\PrivateAssemblies\;C:\Program Files (x86)\Microsoft SQL Server\Client SDK\ODBC\110\Tools\Binn\;C:\Program Files (x86)\Microsoft SQL Server\120\Tools\Binn\;C:\Program Files (x86)\Microsoft SQL Server\120\DTS\Binn\;C:\Program Files (x86)\Microsoft SQL Server\120\Tools\Binn\ManagementStudio\;C:\Program Files\Git\cmd;C:\Program Files\Microsoft SQL Server\Client SDK\ODBC\110\Tools\Binn\;C:\Program Files\Microsoft SQL Server\120\Tools\Binn\;C:\Program Files\Microsoft SQL Server\120\DTS\Binn\;C:\Program Files\PuTTY\;C:\Program Files (x86)\ESET\ESET Remote Administrator\Console\;C:\Program Files\nodejs\;C:\Ruby23-x64\bin;C:\Program Files (x86)\Microsoft VS Code\bin;C:\Users\Ronald\AppData\Local\Microsoft\WindowsApps;C:\Users\Ronald\AppData\Roaming\npm
USERNAME=Ronald
OS=Windows_NT
PROCESSOR_IDENTIFIER=Intel64 Family 6 Model 60 Stepping 3, GenuineIntel



---------------  S Y S T E M  ---------------

OS: Windows 10.0 , 64 bit Build 14393 (10.0.14393.1198)

CPU:total 8 (4 cores per cpu, 2 threads per core) family 6 model 60 stepping 3, cmov, cx8, fxsr, mmx, sse, sse2, sse3, ssse3, sse4.1, sse4.2, popcnt, avx, avx2, aes, clmul, erms, lzcnt, ht, tsc, tscinvbit, bmi1, bmi2

Memory: 4k page, physical 8298028k(1896404k free), swap 9834028k(16124k free)

vm_info: Java HotSpot(TM) 64-Bit Server VM (25.121-b13) for windows-amd64 JRE (1.8.0_121-b13), built on Dec 12 2016 18:21:36 by "java_re" with MS VC++ 10.0 (VS2010)

time: Tue Dec 26 17:36:37 2017
elapsed time: 38 seconds (0d 0h 0m 38s)

