#
# There is insufficient memory for the Java Runtime Environment to continue.
# Native memory allocation (malloc) failed to allocate 974016 bytes for Chunk::new
# Possible reasons:
#   The system is out of physical RAM or swap space
#   In 32 bit mode, the process size limit was hit
# Possible solutions:
#   Reduce memory load on the system
#   Increase physical memory or swap space
#   Check if swap backing store is full
#   Use 64 bit Java on a 64 bit OS
#   Decrease Java heap size (-Xmx/-Xms)
#   Decrease number of Java threads
#   Decrease Java thread stack sizes (-Xss)
#   Set larger code cache with -XX:ReservedCodeCacheSize=
# This output file may be truncated or incomplete.
#
#  Out of Memory Error (allocation.cpp:390), pid=67968, tid=0x000000000000456c
#
# JRE version: Java(TM) SE Runtime Environment (8.0_121-b13) (build 1.8.0_121-b13)
# Java VM: Java HotSpot(TM) 64-Bit Server VM (25.121-b13 mixed mode windows-amd64 compressed oops)
# Failed to write core dump. Minidumps are not enabled by default on client versions of Windows
#

---------------  T H R E A D  ---------------

Current thread (0x000000001852e800):  JavaThread "C2 CompilerThread1" daemon [_thread_in_native, id=17772, stack(0x0000000018e10000,0x0000000018f10000)]

Stack: [0x0000000018e10000,0x0000000018f10000]
[error occurred during error reporting (printing stack bounds), id 0xc0000005]

Native frames: (J=compiled Java code, j=interpreted, Vv=VM code, C=native code)


Current CompileTask:
C2:  83617 8072       4       org.gradle.model.internal.type.ModelType::wrap (219 bytes)


---------------  P R O C E S S  ---------------

Java Threads: ( => current thread )
  0x000000001a012000 JavaThread "Stdin handler" [_thread_blocked, id=68032, stack(0x00000000248d0000,0x00000000249d0000)]
  0x000000001a012800 JavaThread "Asynchronous log dispatcher for DefaultDaemonConnection: socket connection from /127.0.0.1:52659 to /127.0.0.1:52701" [_thread_blocked, id=61948, stack(0x0000000023590000,0x0000000023690000)]
  0x000000001a010800 JavaThread "Cancel handler" [_thread_blocked, id=68216, stack(0x0000000022010000,0x0000000022110000)]
  0x000000001a011000 JavaThread "Handler for socket connection from /127.0.0.1:52659 to /127.0.0.1:52701" [_thread_in_native, id=68120, stack(0x000000001faa0000,0x000000001fba0000)]
  0x000000001a016800 JavaThread "File lock request listener" [_thread_in_native, id=68628, stack(0x000000001ce70000,0x000000001cf70000)]
  0x000000001a107800 JavaThread "Daemon worker" [_thread_in_Java, id=68376, stack(0x000000001c870000,0x000000001c970000)]
  0x000000001a375000 JavaThread "Daemon" [_thread_blocked, id=62040, stack(0x000000001c570000,0x000000001c670000)]
  0x0000000019fa4000 JavaThread "Incoming local TCP Connector on port 52659" [_thread_in_native, id=68368, stack(0x000000001c120000,0x000000001c220000)]
  0x000000001a2f9000 JavaThread "pool-1-thread-1" [_thread_blocked, id=62216, stack(0x000000001bab0000,0x000000001bbb0000)]
  0x00000000185c0000 JavaThread "Service Thread" daemon [_thread_blocked, id=64324, stack(0x0000000019110000,0x0000000019210000)]
  0x0000000018534000 JavaThread "C1 CompilerThread3" daemon [_thread_in_vm, id=67908, stack(0x0000000019010000,0x0000000019110000)]
  0x0000000018531000 JavaThread "C2 CompilerThread2" daemon [_thread_in_native, id=67904, stack(0x0000000018f10000,0x0000000019010000)]
=>0x000000001852e800 JavaThread "C2 CompilerThread1" daemon [_thread_in_native, id=17772, stack(0x0000000018e10000,0x0000000018f10000)]
  0x0000000018529800 JavaThread "C2 CompilerThread0" daemon [_thread_blocked, id=27488, stack(0x0000000018d10000,0x0000000018e10000)]
  0x0000000018527000 JavaThread "Attach Listener" daemon [_thread_blocked, id=51032, stack(0x0000000018c10000,0x0000000018d10000)]
  0x0000000018526000 JavaThread "Signal Dispatcher" daemon [_thread_blocked, id=67804, stack(0x0000000018b10000,0x0000000018c10000)]
  0x000000000286e000 JavaThread "Finalizer" daemon [_thread_blocked, id=17880, stack(0x0000000018900000,0x0000000018a00000)]
  0x0000000002867000 JavaThread "Reference Handler" daemon [_thread_blocked, id=58908, stack(0x0000000018400000,0x0000000018500000)]
  0x000000000266d800 JavaThread "main" [_thread_blocked, id=68656, stack(0x0000000002670000,0x0000000002770000)]

Other Threads:
  0x0000000016629000 VMThread [stack: 0x0000000018300000,0x0000000018400000] [id=25384]
  0x0000000018605800 WatcherThread [stack: 0x0000000019210000,0x0000000019310000] [id=27956]

VM state:not at safepoint (normal execution)

VM Mutex/Monitor currently owned by a thread: None

Heap:
 PSYoungGen      total 144384K, used 88720K [0x00000000e0000000, 0x00000000eaa00000, 0x0000000100000000)
  eden space 123392K, 54% used [0x00000000e0000000,0x00000000e4229e50,0x00000000e7880000)
  from space 20992K, 99% used [0x00000000e9100000,0x00000000ea57a308,0x00000000ea580000)
  to   space 25088K, 0% used [0x00000000e7880000,0x00000000e7880000,0x00000000e9100000)
 ParOldGen       total 101888K, used 33420K [0x00000000a0000000, 0x00000000a6380000, 0x00000000e0000000)
  object space 101888K, 32% used [0x00000000a0000000,0x00000000a20a31e0,0x00000000a6380000)
 Metaspace       used 54544K, capacity 56966K, committed 57176K, reserved 1097728K
  class space    used 7483K, capacity 7971K, committed 8064K, reserved 1048576K

Card table byte_map: [0x0000000011c30000,0x0000000011f40000] byte_map_base: 0x0000000011730000

Marking Bits: (ParMarkBitMap*) 0x000000005279b6d0
 Begin Bits: [0x0000000012940000, 0x0000000014140000)
 End Bits:   [0x0000000014140000, 0x0000000015940000)

Polling page: 0x0000000000930000

CodeCache: size=245760Kb used=27841Kb max_used=27841Kb free=217918Kb
 bounds [0x0000000002870000, 0x00000000043c0000, 0x0000000011870000]
 total_blobs=8127 nmethods=7380 adapters=658
 compilation: enabled

Compilation events (10 events):
Event: 83.074 Thread 0x0000000018534000 nmethod 8134 0x000000000430e850 code [0x000000000430e9c0, 0x000000000430eb68]
Event: 83.074 Thread 0x0000000018529800 8135       4       org.gradle.api.internal.artifacts.transform.ArtifactTransformer$1::transform (9 bytes)
Event: 83.076 Thread 0x0000000018534000 8137       3       java.util.AbstractList::equals (117 bytes)
Event: 83.076 Thread 0x0000000018529800 nmethod 8135 0x0000000004322590 code [0x00000000043226e0, 0x0000000004322798]
Event: 83.076 Thread 0x0000000018529800 8136       4       org.gradle.internal.component.external.model.DefaultModuleComponentSelector::hashCode (36 bytes)
Event: 83.076 Thread 0x0000000018534000 nmethod 8137 0x0000000004321350 code [0x0000000004321580, 0x0000000004322288]
Event: 83.076 Thread 0x0000000018534000 8138       3       java.util.AbstractList::listIterator (15 bytes)
Event: 83.077 Thread 0x0000000018534000 nmethod 8138 0x00000000043209d0 code [0x0000000004320b80, 0x00000000043210f8]
Event: 83.077 Thread 0x0000000018534000 8139       3       java.util.AbstractList::rangeCheckForAdd (26 bytes)
Event: 83.078 Thread 0x0000000018534000 nmethod 8139 0x00000000043228d0 code [0x0000000004322b00, 0x00000000043237b8]

GC Heap History (10 events):
Event: 16.925 GC heap before
{Heap before GC invocations=14 (full 2):
 PSYoungGen      total 82432K, used 78920K [0x00000000e0000000, 0x00000000e6f00000, 0x0000000100000000)
  eden space 71168K, 100% used [0x00000000e0000000,0x00000000e4580000,0x00000000e4580000)
  from space 11264K, 68% used [0x00000000e4580000,0x00000000e4d121d0,0x00000000e5080000)
  to   space 11264K, 0% used [0x00000000e6400000,0x00000000e6400000,0x00000000e6f00000)
 ParOldGen       total 101888K, used 15758K [0x00000000a0000000, 0x00000000a6380000, 0x00000000e0000000)
  object space 101888K, 15% used [0x00000000a0000000,0x00000000a0f63bb8,0x00000000a6380000)
 Metaspace       used 43224K, capacity 44120K, committed 44376K, reserved 1087488K
  class space    used 5908K, capacity 6145K, committed 6272K, reserved 1048576K
Event: 16.932 GC heap after
Heap after GC invocations=14 (full 2):
 PSYoungGen      total 99840K, used 10449K [0x00000000e0000000, 0x00000000e6e80000, 0x0000000100000000)
  eden space 89088K, 0% used [0x00000000e0000000,0x00000000e0000000,0x00000000e5700000)
  from space 10752K, 97% used [0x00000000e6400000,0x00000000e6e346f8,0x00000000e6e80000)
  to   space 11776K, 0% used [0x00000000e5780000,0x00000000e5780000,0x00000000e6300000)
 ParOldGen       total 101888K, used 15766K [0x00000000a0000000, 0x00000000a6380000, 0x00000000e0000000)
  object space 101888K, 15% used [0x00000000a0000000,0x00000000a0f65bb8,0x00000000a6380000)
 Metaspace       used 43224K, capacity 44120K, committed 44376K, reserved 1087488K
  class space    used 5908K, capacity 6145K, committed 6272K, reserved 1048576K
}
Event: 23.571 GC heap before
{Heap before GC invocations=15 (full 2):
 PSYoungGen      total 99840K, used 99537K [0x00000000e0000000, 0x00000000e6e80000, 0x0000000100000000)
  eden space 89088K, 100% used [0x00000000e0000000,0x00000000e5700000,0x00000000e5700000)
  from space 10752K, 97% used [0x00000000e6400000,0x00000000e6e346f8,0x00000000e6e80000)
  to   space 11776K, 0% used [0x00000000e5780000,0x00000000e5780000,0x00000000e6300000)
 ParOldGen       total 101888K, used 15766K [0x00000000a0000000, 0x00000000a6380000, 0x00000000e0000000)
  object space 101888K, 15% used [0x00000000a0000000,0x00000000a0f65bb8,0x00000000a6380000)
 Metaspace       used 43566K, capacity 44524K, committed 44632K, reserved 1087488K
  class space    used 5938K, capacity 6191K, committed 6272K, reserved 1048576K
Event: 23.578 GC heap after
Heap after GC invocations=15 (full 2):
 PSYoungGen      total 101376K, used 10197K [0x00000000e0000000, 0x00000000e8300000, 0x0000000100000000)
  eden space 89600K, 0% used [0x00000000e0000000,0x00000000e0000000,0x00000000e5780000)
  from space 11776K, 86% used [0x00000000e5780000,0x00000000e6175560,0x00000000e6300000)
  to   space 12800K, 0% used [0x00000000e7680000,0x00000000e7680000,0x00000000e8300000)
 ParOldGen       total 101888K, used 15774K [0x00000000a0000000, 0x00000000a6380000, 0x00000000e0000000)
  object space 101888K, 15% used [0x00000000a0000000,0x00000000a0f67bb8,0x00000000a6380000)
 Metaspace       used 43566K, capacity 44524K, committed 44632K, reserved 1087488K
  class space    used 5938K, capacity 6191K, committed 6272K, reserved 1048576K
}
Event: 30.702 GC heap before
{Heap before GC invocations=16 (full 2):
 PSYoungGen      total 101376K, used 99797K [0x00000000e0000000, 0x00000000e8300000, 0x0000000100000000)
  eden space 89600K, 100% used [0x00000000e0000000,0x00000000e5780000,0x00000000e5780000)
  from space 11776K, 86% used [0x00000000e5780000,0x00000000e6175560,0x00000000e6300000)
  to   space 12800K, 0% used [0x00000000e7680000,0x00000000e7680000,0x00000000e8300000)
 ParOldGen       total 101888K, used 15774K [0x00000000a0000000, 0x00000000a6380000, 0x00000000e0000000)
  object space 101888K, 15% used [0x00000000a0000000,0x00000000a0f67bb8,0x00000000a6380000)
 Metaspace       used 47565K, capacity 48984K, committed 49112K, reserved 1091584K
  class space    used 6510K, capacity 6839K, committed 6912K, reserved 1048576K
Event: 30.715 GC heap after
Heap after GC invocations=16 (full 2):
 PSYoungGen      total 118784K, used 12782K [0x00000000e0000000, 0x00000000e8600000, 0x0000000100000000)
  eden space 105984K, 0% used [0x00000000e0000000,0x00000000e0000000,0x00000000e6780000)
  from space 12800K, 99% used [0x00000000e7680000,0x00000000e82fbaa8,0x00000000e8300000)
  to   space 15360K, 0% used [0x00000000e6780000,0x00000000e6780000,0x00000000e7680000)
 ParOldGen       total 101888K, used 19520K [0x00000000a0000000, 0x00000000a6380000, 0x00000000e0000000)
  object space 101888K, 19% used [0x00000000a0000000,0x00000000a1310288,0x00000000a6380000)
 Metaspace       used 47565K, capacity 48984K, committed 49112K, reserved 1091584K
  class space    used 6510K, capacity 6839K, committed 6912K, reserved 1048576K
}
Event: 33.196 GC heap before
{Heap before GC invocations=17 (full 2):
 PSYoungGen      total 118784K, used 118766K [0x00000000e0000000, 0x00000000e8600000, 0x0000000100000000)
  eden space 105984K, 100% used [0x00000000e0000000,0x00000000e6780000,0x00000000e6780000)
  from space 12800K, 99% used [0x00000000e7680000,0x00000000e82fbaa8,0x00000000e8300000)
  to   space 15360K, 0% used [0x00000000e6780000,0x00000000e6780000,0x00000000e7680000)
 ParOldGen       total 101888K, used 19520K [0x00000000a0000000, 0x00000000a6380000, 0x00000000e0000000)
  object space 101888K, 19% used [0x00000000a0000000,0x00000000a1310288,0x00000000a6380000)
 Metaspace       used 51166K, capacity 52940K, committed 53080K, reserved 1095680K
  class space    used 7134K, capacity 7518K, committed 7552K, reserved 1048576K
Event: 33.217 GC heap after
Heap after GC invocations=17 (full 2):
 PSYoungGen      total 121344K, used 15355K [0x00000000e0000000, 0x00000000ea580000, 0x0000000100000000)
  eden space 105984K, 0% used [0x00000000e0000000,0x00000000e0000000,0x00000000e6780000)
  from space 15360K, 99% used [0x00000000e6780000,0x00000000e767ee18,0x00000000e7680000)
  to   space 20992K, 0% used [0x00000000e9100000,0x00000000e9100000,0x00000000ea580000)
 ParOldGen       total 101888K, used 29980K [0x00000000a0000000, 0x00000000a6380000, 0x00000000e0000000)
  object space 101888K, 29% used [0x00000000a0000000,0x00000000a1d47078,0x00000000a6380000)
 Metaspace       used 51166K, capacity 52940K, committed 53080K, reserved 1095680K
  class space    used 7134K, capacity 7518K, committed 7552K, reserved 1048576K
}
Event: 61.470 GC heap before
{Heap before GC invocations=18 (full 2):
 PSYoungGen      total 121344K, used 121339K [0x00000000e0000000, 0x00000000ea580000, 0x0000000100000000)
  eden space 105984K, 100% used [0x00000000e0000000,0x00000000e6780000,0x00000000e6780000)
  from space 15360K, 99% used [0x00000000e6780000,0x00000000e767ee18,0x00000000e7680000)
  to   space 20992K, 0% used [0x00000000e9100000,0x00000000e9100000,0x00000000ea580000)
 ParOldGen       total 101888K, used 29980K [0x00000000a0000000, 0x00000000a6380000, 0x00000000e0000000)
  object space 101888K, 29% used [0x00000000a0000000,0x00000000a1d47078,0x00000000a6380000)
 Metaspace       used 54290K, capacity 56610K, committed 56920K, reserved 1097728K
  class space    used 7481K, capacity 7967K, committed 8064K, reserved 1048576K
Event: 61.491 GC heap after
Heap after GC invocations=18 (full 2):
 PSYoungGen      total 144384K, used 20968K [0x00000000e0000000, 0x00000000eaa00000, 0x0000000100000000)
  eden space 123392K, 0% used [0x00000000e0000000,0x00000000e0000000,0x00000000e7880000)
  from space 20992K, 99% used [0x00000000e9100000,0x00000000ea57a308,0x00000000ea580000)
  to   space 25088K, 0% used [0x00000000e7880000,0x00000000e7880000,0x00000000e9100000)
 ParOldGen       total 101888K, used 33420K [0x00000000a0000000, 0x00000000a6380000, 0x00000000e0000000)
  object space 101888K, 32% used [0x00000000a0000000,0x00000000a20a31e0,0x00000000a6380000)
 Metaspace       used 54290K, capacity 56610K, committed 56920K, reserved 1097728K
  class space    used 7481K, capacity 7967K, committed 8064K, reserved 1048576K
}

Deoptimization events (10 events):
Event: 35.084 Thread 0x000000001a375000 Uncommon trap: reason=array_check action=maybe_recompile pc=0x00000000041548a0 method=java.util.ComparableTimSort.binarySort([Ljava/lang/Object;III)V @ 193
Event: 35.101 Thread 0x000000001a3bb800 Uncommon trap: reason=unloaded action=reinterpret pc=0x0000000003b1dc10 method=com.esotericsoftware.kryo.io.Input.require(I)I @ 128
Event: 35.102 Thread 0x000000001a375000 Uncommon trap: reason=unstable_if action=reinterpret pc=0x00000000037eaac8 method=java.util.HashMap$HashIterator.<init>(Ljava/util/HashMap;)V @ 45
Event: 55.012 Thread 0x000000001a375000 Uncommon trap: reason=unstable_if action=reinterpret pc=0x0000000003b26b48 method=java.util.concurrent.locks.ReentrantLock$Sync.nonfairTryAcquire(I)Z @ 34
Event: 55.013 Thread 0x000000001a375000 Uncommon trap: reason=unstable_if action=reinterpret pc=0x0000000002993448 method=java.util.concurrent.locks.ReentrantLock$Sync.nonfairTryAcquire(I)Z @ 34
Event: 55.179 Thread 0x000000001a107800 Uncommon trap: reason=array_check action=maybe_recompile pc=0x00000000041548a0 method=java.util.ComparableTimSort.binarySort([Ljava/lang/Object;III)V @ 193
Event: 55.184 Thread 0x000000001a107800 Uncommon trap: reason=array_check action=maybe_recompile pc=0x00000000041548fc method=java.util.ComparableTimSort.binarySort([Ljava/lang/Object;III)V @ 183
Event: 55.201 Thread 0x000000001a107800 Uncommon trap: reason=array_check action=maybe_recompile pc=0x00000000041548fc method=java.util.ComparableTimSort.binarySort([Ljava/lang/Object;III)V @ 183
Event: 57.979 Thread 0x000000001a107800 Uncommon trap: reason=bimorphic action=maybe_recompile pc=0x0000000003015f14 method=java.security.MessageDigest$Delegate.engineUpdate([BII)V @ 7
Event: 57.979 Thread 0x000000001a107800 Uncommon trap: reason=bimorphic action=maybe_recompile pc=0x0000000003015f14 method=java.security.MessageDigest$Delegate.engineUpdate([BII)V @ 7

Internal exceptions (10 events):
Event: 76.711 Thread 0x000000001a107800 Exception <a 'sun/nio/fs/WindowsException'> (0x00000000e1c437b0) thrown at [C:\re\workspace\8-2-build-windows-amd64-cygwin\jdk8u121\8372\hotspot\src\share\vm\prims\jni.cpp, line 709]
Event: 76.711 Thread 0x000000001a107800 Exception <a 'sun/nio/fs/WindowsException'> (0x00000000e1c441a0) thrown at [C:\re\workspace\8-2-build-windows-amd64-cygwin\jdk8u121\8372\hotspot\src\share\vm\prims\jni.cpp, line 709]
Event: 76.712 Thread 0x000000001a107800 Exception <a 'sun/nio/fs/WindowsException'> (0x00000000e1c46990) thrown at [C:\re\workspace\8-2-build-windows-amd64-cygwin\jdk8u121\8372\hotspot\src\share\vm\prims\jni.cpp, line 709]
Event: 76.712 Thread 0x000000001a107800 Exception <a 'sun/nio/fs/WindowsException'> (0x00000000e1c47360) thrown at [C:\re\workspace\8-2-build-windows-amd64-cygwin\jdk8u121\8372\hotspot\src\share\vm\prims\jni.cpp, line 709]
Event: 76.712 Thread 0x000000001a107800 Exception <a 'sun/nio/fs/WindowsException'> (0x00000000e1c48fa0) thrown at [C:\re\workspace\8-2-build-windows-amd64-cygwin\jdk8u121\8372\hotspot\src\share\vm\prims\jni.cpp, line 709]
Event: 76.712 Thread 0x000000001a107800 Exception <a 'sun/nio/fs/WindowsException'> (0x00000000e1c49990) thrown at [C:\re\workspace\8-2-build-windows-amd64-cygwin\jdk8u121\8372\hotspot\src\share\vm\prims\jni.cpp, line 709]
Event: 76.725 Thread 0x000000001a107800 Exception <a 'sun/nio/fs/WindowsException'> (0x00000000e1c4bf70) thrown at [C:\re\workspace\8-2-build-windows-amd64-cygwin\jdk8u121\8372\hotspot\src\share\vm\prims\jni.cpp, line 709]
Event: 76.726 Thread 0x000000001a107800 Exception <a 'sun/nio/fs/WindowsException'> (0x00000000e1c4c8c0) thrown at [C:\re\workspace\8-2-build-windows-amd64-cygwin\jdk8u121\8372\hotspot\src\share\vm\prims\jni.cpp, line 709]
Event: 76.726 Thread 0x000000001a107800 Exception <a 'sun/nio/fs/WindowsException'> (0x00000000e1c4e3c0) thrown at [C:\re\workspace\8-2-build-windows-amd64-cygwin\jdk8u121\8372\hotspot\src\share\vm\prims\jni.cpp, line 709]
Event: 76.726 Thread 0x000000001a107800 Exception <a 'sun/nio/fs/WindowsException'> (0x00000000e1c4ed30) thrown at [C:\re\workspace\8-2-build-windows-amd64-cygwin\jdk8u121\8372\hotspot\src\share\vm\prims\jni.cpp, line 709]

Events (10 events):
Event: 57.979 Thread 0x000000001a107800 DEOPT PACKING pc=0x0000000003015f14 sp=0x000000001c96c590
Event: 57.980 Thread 0x000000001a107800 DEOPT UNPACKING pc=0x00000000028b582a sp=0x000000001c96c540 mode 2
Event: 61.470 Executing VM operation: ParallelGCFailedAllocation
Event: 61.491 Executing VM operation: ParallelGCFailedAllocation done
Event: 61.491 Executing VM operation: RevokeBias
Event: 61.491 Executing VM operation: RevokeBias done
Event: 61.492 Executing VM operation: RevokeBias
Event: 61.492 Executing VM operation: RevokeBias done
Event: 77.509 Thread 0x000000001a107800 DEOPT PACKING pc=0x0000000003f58080 sp=0x000000001c96a480
Event: 77.509 Thread 0x000000001a107800 DEOPT UNPACKING pc=0x00000000028b787f sp=0x000000001c96a378 mode 0


Dynamic libraries:
0x00007ff7f8960000 - 0x00007ff7f8997000 	C:\Program Files\Java\jdk1.8.0_121\bin\java.exe
0x00007ffe15470000 - 0x00007ffe15642000 	C:\WINDOWS\SYSTEM32\ntdll.dll
0x00007ffe12f50000 - 0x00007ffe12ffc000 	C:\WINDOWS\System32\KERNEL32.DLL
0x00007ffe11970000 - 0x00007ffe11b8d000 	C:\WINDOWS\System32\KERNELBASE.dll
0x00007ffe12ea0000 - 0x00007ffe12f42000 	C:\WINDOWS\System32\ADVAPI32.dll
0x00007ffe12ce0000 - 0x00007ffe12d7e000 	C:\WINDOWS\System32\msvcrt.dll
0x00007ffe12e40000 - 0x00007ffe12e99000 	C:\WINDOWS\System32\sechost.dll
0x00007ffe152f0000 - 0x00007ffe15411000 	C:\WINDOWS\System32\RPCRT4.dll
0x00007ffe13480000 - 0x00007ffe135e5000 	C:\WINDOWS\System32\USER32.dll
0x00007ffe11b90000 - 0x00007ffe11bae000 	C:\WINDOWS\System32\win32u.dll
0x00007ffe13110000 - 0x00007ffe13144000 	C:\WINDOWS\System32\GDI32.dll
0x00007ffe12880000 - 0x00007ffe12a00000 	C:\WINDOWS\System32\gdi32full.dll
0x00007ffe08460000 - 0x00007ffe086da000 	C:\WINDOWS\WinSxS\amd64_microsoft.windows.common-controls_6595b64144ccf1df_6.0.14393.953_none_42151e83c686086b\COMCTL32.dll
0x00007ffe12a10000 - 0x00007ffe12cd8000 	C:\WINDOWS\System32\combase.dll
0x00007ffe12550000 - 0x00007ffe12645000 	C:\WINDOWS\System32\ucrtbase.dll
0x00007ffe11c60000 - 0x00007ffe11cca000 	C:\WINDOWS\System32\bcryptPrimitives.dll
0x00007ffe15420000 - 0x00007ffe1544e000 	C:\WINDOWS\System32\IMM32.DLL
0x0000000052820000 - 0x00000000528f2000 	C:\Program Files\Java\jdk1.8.0_121\jre\bin\msvcr100.dll
0x0000000051f80000 - 0x000000005281b000 	C:\Program Files\Java\jdk1.8.0_121\jre\bin\server\jvm.dll
0x00007ffe152e0000 - 0x00007ffe152e8000 	C:\WINDOWS\System32\PSAPI.DLL
0x00007ffe0f870000 - 0x00007ffe0f879000 	C:\WINDOWS\SYSTEM32\WSOCK32.dll
0x00007ffe0f920000 - 0x00007ffe0f943000 	C:\WINDOWS\SYSTEM32\WINMM.dll
0x00007ffe0ebd0000 - 0x00007ffe0ebda000 	C:\WINDOWS\SYSTEM32\VERSION.dll
0x00007ffe13730000 - 0x00007ffe1379a000 	C:\WINDOWS\System32\WS2_32.dll
0x0000000000bb0000 - 0x0000000000bdb000 	C:\WINDOWS\SYSTEM32\WINMMBASE.dll
0x00007ffe12460000 - 0x00007ffe124a2000 	C:\WINDOWS\System32\cfgmgr32.dll
0x0000000053b00000 - 0x0000000053b0f000 	C:\Program Files\Java\jdk1.8.0_121\jre\bin\verify.dll
0x0000000051f50000 - 0x0000000051f79000 	C:\Program Files\Java\jdk1.8.0_121\jre\bin\java.dll
0x0000000051f30000 - 0x0000000051f46000 	C:\Program Files\Java\jdk1.8.0_121\jre\bin\zip.dll
0x00007ffe13dd0000 - 0x00007ffe152d8000 	C:\WINDOWS\System32\SHELL32.dll
0x00007ffe11d80000 - 0x00007ffe1245a000 	C:\WINDOWS\System32\windows.storage.dll
0x00007ffe11910000 - 0x00007ffe1195c000 	C:\WINDOWS\System32\powrprof.dll
0x00007ffe13000000 - 0x00007ffe13052000 	C:\WINDOWS\System32\shlwapi.dll
0x00007ffe11960000 - 0x00007ffe1196f000 	C:\WINDOWS\System32\kernel.appcore.dll
0x00007ffe11bb0000 - 0x00007ffe11c59000 	C:\WINDOWS\System32\shcore.dll
0x00007ffe118e0000 - 0x00007ffe118f4000 	C:\WINDOWS\System32\profapi.dll
0x0000000051f10000 - 0x0000000051f2a000 	C:\Program Files\Java\jdk1.8.0_121\jre\bin\net.dll
0x00007ffe111b0000 - 0x00007ffe1120c000 	C:\WINDOWS\system32\mswsock.dll
0x0000000051ef0000 - 0x0000000051f01000 	C:\Program Files\Java\jdk1.8.0_121\jre\bin\nio.dll
0x00007ffe00ec0000 - 0x00007ffe00ede000 	C:\Users\Ronald\.gradle\native\23\windows-amd64\native-platform.dll
0x00007ffe11360000 - 0x00007ffe11377000 	C:\WINDOWS\SYSTEM32\CRYPTSP.dll
0x00007ffe10db0000 - 0x00007ffe10de3000 	C:\WINDOWS\system32\rsaenh.dll
0x00007ffe11820000 - 0x00007ffe1184b000 	C:\WINDOWS\SYSTEM32\bcrypt.dll
0x00007ffe11040000 - 0x00007ffe1105f000 	C:\WINDOWS\SYSTEM32\USERENV.dll
0x00007ffe11350000 - 0x00007ffe1135b000 	C:\WINDOWS\SYSTEM32\CRYPTBASE.dll
0x00007ffe10f30000 - 0x00007ffe10f68000 	C:\WINDOWS\SYSTEM32\IPHLPAPI.DLL
0x00007ffe13100000 - 0x00007ffe13108000 	C:\WINDOWS\System32\NSI.dll
0x00007ffe0b5a0000 - 0x00007ffe0b5b6000 	C:\WINDOWS\SYSTEM32\dhcpcsvc6.DLL
0x00007ffe0b430000 - 0x00007ffe0b44a000 	C:\WINDOWS\SYSTEM32\dhcpcsvc.DLL
0x0000000053af0000 - 0x0000000053afd000 	C:\Program Files\Java\jdk1.8.0_121\jre\bin\management.dll

VM Arguments:
jvm_args: -Xmx1536m -Dfile.encoding=windows-1252 -Duser.country=ES -Duser.language=es -Duser.variant 
java_command: org.gradle.launcher.daemon.bootstrap.GradleDaemon 3.3
java_class_path (initial): C:\Users\Ronald\.gradle\wrapper\dists\gradle-3.3-all\55gk2rcmfc6p2dg9u9ohc3hw9\gradle-3.3\lib\gradle-launcher-3.3.jar
Launcher Type: SUN_STANDARD

Environment Variables:
PATH=C:\Program Files (x86)\Common Files\Intel\Shared Files\cpp\bin\Intel64;C:\ProgramData\Oracle\Java\javapath;C:\WINDOWS\system32;C:\WINDOWS;C:\WINDOWS\System32\Wbem;C:\WINDOWS\System32\WindowsPowerShell\v1.0\;C:\Program Files (x86)\Windows Live\Shared;C:\Program Files (x86)\Microsoft ASP.NET\ASP.NET Web Pages\v1.0\;C:\Program Files (x86)\Windows Kits\8.0\Windows Performance Toolkit\;C:\Program Files\Microsoft SQL Server\110\Tools\Binn\;C:\Program Files\Microsoft\Web Platform Installer\;C:\Program Files (x86)\MySQL\MySQL Fabric 1.5 & MySQL Utilities 1.5\;C:\Program Files (x86)\MySQL\MySQL Fabric 1.5 & MySQL Utilities 1.5\Doctrine extensions for PHP\;C:\Program Files (x86)\Microsoft SQL Server\110\DTS\Binn\;C:\Program Files (x86)\Microsoft SQL Server\110\Tools\Binn\;C:\Program Files (x86)\Microsoft SQL Server\110\Tools\Binn\ManagementStudio\;C:\Program Files (x86)\Microsoft Visual Studio 10.0\Common7\IDE\PrivateAssemblies\;C:\Program Files (x86)\Microsoft SQL Server\Client SDK\ODBC\110\Tools\Binn\;C:\Program Files (x86)\Microsoft SQL Server\120\Tools\Binn\;C:\Program Files (x86)\Microsoft SQL Server\120\DTS\Binn\;C:\Program Files (x86)\Microsoft SQL Server\120\Tools\Binn\ManagementStudio\;C:\Program Files\Git\cmd;C:\Program Files\Microsoft SQL Server\Client SDK\ODBC\110\Tools\Binn\;C:\Program Files\Microsoft SQL Server\120\Tools\Binn\;C:\Program Files\Microsoft SQL Server\120\DTS\Binn\;C:\Program Files\PuTTY\;C:\Program Files (x86)\ESET\ESET Remote Administrator\Console\;C:\Program Files\nodejs\;C:\Ruby23-x64\bin;C:\Program Files (x86)\Microsoft VS Code\bin;C:\Users\Ronald\AppData\Local\Microsoft\WindowsApps;C:\Users\Ronald\AppData\Roaming\npm
USERNAME=Ronald
OS=Windows_NT
PROCESSOR_IDENTIFIER=Intel64 Family 6 Model 60 Stepping 3, GenuineIntel



---------------  S Y S T E M  ---------------

OS: Windows 10.0 , 64 bit Build 14393 (10.0.14393.1198)

CPU:total 8 (4 cores per cpu, 2 threads per core) family 6 model 60 stepping 3, cmov, cx8, fxsr, mmx, sse, sse2, sse3, ssse3, sse4.1, sse4.2, popcnt, avx, avx2, aes, clmul, erms, lzcnt, ht, tsc, tscinvbit, bmi1, bmi2

Memory: 4k page, physical 8298028k(1718320k free), swap 9834028k(3160k free)

vm_info: Java HotSpot(TM) 64-Bit Server VM (25.121-b13) for windows-amd64 JRE (1.8.0_121-b13), built on Dec 12 2016 18:21:36 by "java_re" with MS VC++ 10.0 (VS2010)

time: Tue Dec 26 17:38:12 2017
elapsed time: 83 seconds (0d 0h 1m 23s)

