#
# There is insufficient memory for the Java Runtime Environment to continue.
# Native memory allocation (malloc) failed to allocate 562368 bytes for Chunk::new
# Possible reasons:
#   The system is out of physical RAM or swap space
#   In 32 bit mode, the process size limit was hit
# Possible solutions:
#   Reduce memory load on the system
#   Increase physical memory or swap space
#   Check if swap backing store is full
#   Use 64 bit Java on a 64 bit OS
#   Decrease Java heap size (-Xmx/-Xms)
#   Decrease number of Java threads
#   Decrease Java thread stack sizes (-Xss)
#   Set larger code cache with -XX:ReservedCodeCacheSize=
# This output file may be truncated or incomplete.
#
#  Out of Memory Error (allocation.cpp:390), pid=66568, tid=0x0000000000010494
#
# JRE version: Java(TM) SE Runtime Environment (8.0_121-b13) (build 1.8.0_121-b13)
# Java VM: Java HotSpot(TM) 64-Bit Server VM (25.121-b13 mixed mode windows-amd64 compressed oops)
# Failed to write core dump. Minidumps are not enabled by default on client versions of Windows
#

---------------  T H R E A D  ---------------

Current thread (0x0000000018631800):  JavaThread "C2 CompilerThread1" daemon [_thread_in_native, id=66708, stack(0x0000000018f20000,0x0000000019020000)]

Stack: [0x0000000018f20000,0x0000000019020000]
[error occurred during error reporting (printing stack bounds), id 0xc0000005]

Native frames: (J=compiled Java code, j=interpreted, Vv=VM code, C=native code)


Current CompileTask:
C2:   9294 3547       4       java.lang.reflect.Method::toString (20 bytes)


---------------  P R O C E S S  ---------------

Java Threads: ( => current thread )
  0x000000001af4a000 JavaThread "File lock request listener" [_thread_in_native, id=67232, stack(0x000000001f910000,0x000000001fa10000)]
  0x0000000019f8b800 JavaThread "Stdin handler" [_thread_blocked, id=54348, stack(0x000000001cb90000,0x000000001cc90000)]
  0x0000000019f86800 JavaThread "Asynchronous log dispatcher for DefaultDaemonConnection: socket connection from /127.0.0.1:52710 to /127.0.0.1:52711" [_thread_blocked, id=62344, stack(0x000000001ca90000,0x000000001cb90000)]
  0x000000001a012800 JavaThread "Daemon worker" [_thread_in_vm_trans, id=63444, stack(0x000000001c990000,0x000000001ca90000)]
  0x0000000019f7f800 JavaThread "Cancel handler" [_thread_blocked, id=65820, stack(0x000000001c890000,0x000000001c990000)]
  0x000000001a491000 JavaThread "Handler for socket connection from /127.0.0.1:52710 to /127.0.0.1:52711" [_thread_in_native, id=60488, stack(0x000000001c790000,0x000000001c890000)]
  0x000000001a941800 JavaThread "Daemon" [_thread_blocked, id=67152, stack(0x000000001c690000,0x000000001c790000)]
  0x000000001a1d4000 JavaThread "Incoming local TCP Connector on port 52710" [_thread_in_native, id=67088, stack(0x000000001c240000,0x000000001c340000)]
  0x000000001a171800 JavaThread "pool-1-thread-1" [_thread_blocked, id=68296, stack(0x000000001bbc0000,0x000000001bcc0000)]
  0x000000001864f000 JavaThread "Service Thread" daemon [_thread_blocked, id=66892, stack(0x0000000019220000,0x0000000019320000)]
  0x0000000018639800 JavaThread "C1 CompilerThread3" daemon [_thread_in_native, id=22416, stack(0x0000000019120000,0x0000000019220000)]
  0x0000000018636800 JavaThread "C2 CompilerThread2" daemon [_thread_in_native, id=66752, stack(0x0000000019020000,0x0000000019120000)]
=>0x0000000018631800 JavaThread "C2 CompilerThread1" daemon [_thread_in_native, id=66708, stack(0x0000000018f20000,0x0000000019020000)]
  0x000000001862f000 JavaThread "C2 CompilerThread0" daemon [_thread_in_native, id=66716, stack(0x0000000018e20000,0x0000000018f20000)]
  0x0000000018629000 JavaThread "Attach Listener" daemon [_thread_blocked, id=66720, stack(0x0000000018d20000,0x0000000018e20000)]
  0x0000000018626000 JavaThread "Signal Dispatcher" daemon [_thread_blocked, id=66800, stack(0x0000000018c20000,0x0000000018d20000)]
  0x000000000291e000 JavaThread "Finalizer" daemon [_thread_blocked, id=66744, stack(0x0000000018a00000,0x0000000018b00000)]
  0x0000000002917000 JavaThread "Reference Handler" daemon [_thread_blocked, id=66760, stack(0x0000000018500000,0x0000000018600000)]
  0x0000000000a4d800 JavaThread "main" [_thread_blocked, id=66820, stack(0x0000000002700000,0x0000000002800000)]

Other Threads:
  0x0000000016709000 VMThread [stack: 0x0000000018400000,0x0000000018500000] [id=66772]
  0x00000000186a4000 WatcherThread [stack: 0x0000000019320000,0x0000000019420000] [id=65836]

VM state:not at safepoint (normal execution)

VM Mutex/Monitor currently owned by a thread: None

Heap:
 PSYoungGen      total 99328K, used 6602K [0x00000000e0000000, 0x00000000e9100000, 0x0000000100000000)
  eden space 89088K, 7% used [0x00000000e0000000,0x00000000e0672870,0x00000000e5700000)
  from space 10240K, 0% used [0x00000000e5700000,0x00000000e5700000,0x00000000e6100000)
  to   space 12288K, 0% used [0x00000000e8500000,0x00000000e8500000,0x00000000e9100000)
 ParOldGen       total 64000K, used 17879K [0x00000000a0000000, 0x00000000a3e80000, 0x00000000e0000000)
  object space 64000K, 27% used [0x00000000a0000000,0x00000000a1175c38,0x00000000a3e80000)
 Metaspace       used 35225K, capacity 35834K, committed 36224K, reserved 1081344K
  class space    used 4809K, capacity 4980K, committed 4992K, reserved 1048576K

Card table byte_map: [0x0000000011cf0000,0x0000000012000000] byte_map_base: 0x00000000117f0000

Marking Bits: (ParMarkBitMap*) 0x000000005279b6d0
 Begin Bits: [0x0000000012a00000, 0x0000000014200000)
 End Bits:   [0x0000000014200000, 0x0000000015a00000)

Polling page: 0x0000000002800000

CodeCache: size=245760Kb used=13329Kb max_used=14029Kb free=232430Kb
 bounds [0x0000000002930000, 0x00000000036f0000, 0x0000000011930000]
 total_blobs=4171 nmethods=3468 adapters=614
 compilation: enabled

Compilation events (10 events):
Event: 9.276 Thread 0x0000000018639800 3714       3       java.lang.String::replaceAll (13 bytes)
Event: 9.276 Thread 0x0000000018639800 nmethod 3714 0x0000000002a7b2d0 code [0x0000000002a7b460, 0x0000000002a7b828]
Event: 9.277 Thread 0x0000000018639800 3715       3       java.lang.Class$AnnotationData::<init> (20 bytes)
Event: 9.277 Thread 0x0000000018639800 nmethod 3715 0x0000000002a511d0 code [0x0000000002a51320, 0x0000000002a51510]
Event: 9.279 Thread 0x0000000018639800 3716       3       java.lang.Integer::valueOf (32 bytes)
Event: 9.279 Thread 0x0000000018639800 nmethod 3716 0x0000000002a8e850 code [0x0000000002a8e9c0, 0x0000000002a8ed10]
Event: 9.285 Thread 0x0000000018639800 3717       3       org.apache.commons.collections.map.AbstractHashedMap::hashIndex (6 bytes)
Event: 9.285 Thread 0x0000000018639800 nmethod 3717 0x0000000002a3ddd0 code [0x0000000002a3df20, 0x0000000002a3e070]
Event: 9.285 Thread 0x0000000018639800 3718       3       java.util.Stack::empty (13 bytes)
Event: 9.286 Thread 0x0000000018639800 nmethod 3718 0x0000000002a86d90 code [0x0000000002a86f00, 0x0000000002a872d0]

GC Heap History (10 events):
Event: 4.008 GC heap before
{Heap before GC invocations=5 (full 1):
 PSYoungGen      total 67072K, used 5099K [0x00000000e0000000, 0x00000000e4b00000, 0x0000000100000000)
  eden space 61952K, 0% used [0x00000000e0000000,0x00000000e0000000,0x00000000e3c80000)
  from space 5120K, 99% used [0x00000000e4180000,0x00000000e467afe0,0x00000000e4680000)
  to   space 5120K, 0% used [0x00000000e3c80000,0x00000000e3c80000,0x00000000e4180000)
 ParOldGen       total 87552K, used 8127K [0x00000000a0000000, 0x00000000a5580000, 0x00000000e0000000)
  object space 87552K, 9% used [0x00000000a0000000,0x00000000a07efe60,0x00000000a5580000)
 Metaspace       used 20875K, capacity 21164K, committed 21296K, reserved 1067008K
  class space    used 2840K, capacity 2936K, committed 2944K, reserved 1048576K
Event: 4.059 GC heap after
Heap after GC invocations=5 (full 1):
 PSYoungGen      total 67072K, used 0K [0x00000000e0000000, 0x00000000e4b00000, 0x0000000100000000)
  eden space 61952K, 0% used [0x00000000e0000000,0x00000000e0000000,0x00000000e3c80000)
  from space 5120K, 0% used [0x00000000e4180000,0x00000000e4180000,0x00000000e4680000)
  to   space 5120K, 0% used [0x00000000e3c80000,0x00000000e3c80000,0x00000000e4180000)
 ParOldGen       total 64000K, used 8937K [0x00000000a0000000, 0x00000000a3e80000, 0x00000000e0000000)
  object space 64000K, 13% used [0x00000000a0000000,0x00000000a08ba698,0x00000000a3e80000)
 Metaspace       used 20875K, capacity 21164K, committed 21296K, reserved 1067008K
  class space    used 2840K, capacity 2936K, committed 2944K, reserved 1048576K
}
Event: 5.042 GC heap before
{Heap before GC invocations=6 (full 1):
 PSYoungGen      total 67072K, used 61952K [0x00000000e0000000, 0x00000000e4b00000, 0x0000000100000000)
  eden space 61952K, 100% used [0x00000000e0000000,0x00000000e3c80000,0x00000000e3c80000)
  from space 5120K, 0% used [0x00000000e4180000,0x00000000e4180000,0x00000000e4680000)
  to   space 5120K, 0% used [0x00000000e3c80000,0x00000000e3c80000,0x00000000e4180000)
 ParOldGen       total 64000K, used 8937K [0x00000000a0000000, 0x00000000a3e80000, 0x00000000e0000000)
  object space 64000K, 13% used [0x00000000a0000000,0x00000000a08ba698,0x00000000a3e80000)
 Metaspace       used 25898K, capacity 26336K, committed 26624K, reserved 1073152K
  class space    used 3645K, capacity 3796K, committed 3840K, reserved 1048576K
Event: 5.047 GC heap after
Heap after GC invocations=6 (full 1):
 PSYoungGen      total 67072K, used 5104K [0x00000000e0000000, 0x00000000e6e80000, 0x0000000100000000)
  eden space 61952K, 0% used [0x00000000e0000000,0x00000000e0000000,0x00000000e3c80000)
  from space 5120K, 99% used [0x00000000e3c80000,0x00000000e417c2a8,0x00000000e4180000)
  to   space 10752K, 0% used [0x00000000e6400000,0x00000000e6400000,0x00000000e6e80000)
 ParOldGen       total 64000K, used 11458K [0x00000000a0000000, 0x00000000a3e80000, 0x00000000e0000000)
  object space 64000K, 17% used [0x00000000a0000000,0x00000000a0b30948,0x00000000a3e80000)
 Metaspace       used 25898K, capacity 26336K, committed 26624K, reserved 1073152K
  class space    used 3645K, capacity 3796K, committed 3840K, reserved 1048576K
}
Event: 6.180 GC heap before
{Heap before GC invocations=7 (full 1):
 PSYoungGen      total 67072K, used 67056K [0x00000000e0000000, 0x00000000e6e80000, 0x0000000100000000)
  eden space 61952K, 100% used [0x00000000e0000000,0x00000000e3c80000,0x00000000e3c80000)
  from space 5120K, 99% used [0x00000000e3c80000,0x00000000e417c2a8,0x00000000e4180000)
  to   space 10752K, 0% used [0x00000000e6400000,0x00000000e6400000,0x00000000e6e80000)
 ParOldGen       total 64000K, used 11458K [0x00000000a0000000, 0x00000000a3e80000, 0x00000000e0000000)
  object space 64000K, 17% used [0x00000000a0000000,0x00000000a0b30948,0x00000000a3e80000)
 Metaspace       used 29105K, capacity 29504K, committed 29824K, reserved 1075200K
  class space    used 4029K, capacity 4148K, committed 4224K, reserved 1048576K
Event: 6.186 GC heap after
Heap after GC invocations=7 (full 1):
 PSYoungGen      total 96256K, used 5884K [0x00000000e0000000, 0x00000000e6b00000, 0x0000000100000000)
  eden space 89088K, 0% used [0x00000000e0000000,0x00000000e0000000,0x00000000e5700000)
  from space 7168K, 82% used [0x00000000e6400000,0x00000000e69bf3e0,0x00000000e6b00000)
  to   space 10240K, 0% used [0x00000000e5700000,0x00000000e5700000,0x00000000e6100000)
 ParOldGen       total 64000K, used 11538K [0x00000000a0000000, 0x00000000a3e80000, 0x00000000e0000000)
  object space 64000K, 18% used [0x00000000a0000000,0x00000000a0b44958,0x00000000a3e80000)
 Metaspace       used 29105K, capacity 29504K, committed 29824K, reserved 1075200K
  class space    used 4029K, capacity 4148K, committed 4224K, reserved 1048576K
}
Event: 9.153 GC heap before
{Heap before GC invocations=8 (full 1):
 PSYoungGen      total 96256K, used 81573K [0x00000000e0000000, 0x00000000e6b00000, 0x0000000100000000)
  eden space 89088K, 84% used [0x00000000e0000000,0x00000000e49ea138,0x00000000e5700000)
  from space 7168K, 82% used [0x00000000e6400000,0x00000000e69bf3e0,0x00000000e6b00000)
  to   space 10240K, 0% used [0x00000000e5700000,0x00000000e5700000,0x00000000e6100000)
 ParOldGen       total 64000K, used 11538K [0x00000000a0000000, 0x00000000a3e80000, 0x00000000e0000000)
  object space 64000K, 18% used [0x00000000a0000000,0x00000000a0b44958,0x00000000a3e80000)
 Metaspace       used 34618K, capacity 35196K, committed 35456K, reserved 1079296K
  class space    used 4726K, capacity 4879K, committed 4992K, reserved 1048576K
Event: 9.163 GC heap after
Heap after GC invocations=8 (full 1):
 PSYoungGen      total 99328K, used 10215K [0x00000000e0000000, 0x00000000e9100000, 0x0000000100000000)
  eden space 89088K, 0% used [0x00000000e0000000,0x00000000e0000000,0x00000000e5700000)
  from space 10240K, 99% used [0x00000000e5700000,0x00000000e60f9dd0,0x00000000e6100000)
  to   space 12288K, 0% used [0x00000000e8500000,0x00000000e8500000,0x00000000e9100000)
 ParOldGen       total 64000K, used 12997K [0x00000000a0000000, 0x00000000a3e80000, 0x00000000e0000000)
  object space 64000K, 20% used [0x00000000a0000000,0x00000000a0cb15f8,0x00000000a3e80000)
 Metaspace       used 34618K, capacity 35196K, committed 35456K, reserved 1079296K
  class space    used 4726K, capacity 4879K, committed 4992K, reserved 1048576K
}
Event: 9.163 GC heap before
{Heap before GC invocations=9 (full 2):
 PSYoungGen      total 99328K, used 10215K [0x00000000e0000000, 0x00000000e9100000, 0x0000000100000000)
  eden space 89088K, 0% used [0x00000000e0000000,0x00000000e0000000,0x00000000e5700000)
  from space 10240K, 99% used [0x00000000e5700000,0x00000000e60f9dd0,0x00000000e6100000)
  to   space 12288K, 0% used [0x00000000e8500000,0x00000000e8500000,0x00000000e9100000)
 ParOldGen       total 64000K, used 12997K [0x00000000a0000000, 0x00000000a3e80000, 0x00000000e0000000)
  object space 64000K, 20% used [0x00000000a0000000,0x00000000a0cb15f8,0x00000000a3e80000)
 Metaspace       used 34618K, capacity 35196K, committed 35456K, reserved 1079296K
  class space    used 4726K, capacity 4879K, committed 4992K, reserved 1048576K
Event: 9.222 GC heap after
Heap after GC invocations=9 (full 2):
 PSYoungGen      total 99328K, used 0K [0x00000000e0000000, 0x00000000e9100000, 0x0000000100000000)
  eden space 89088K, 0% used [0x00000000e0000000,0x00000000e0000000,0x00000000e5700000)
  from space 10240K, 0% used [0x00000000e5700000,0x00000000e5700000,0x00000000e6100000)
  to   space 12288K, 0% used [0x00000000e8500000,0x00000000e8500000,0x00000000e9100000)
 ParOldGen       total 64000K, used 17879K [0x00000000a0000000, 0x00000000a3e80000, 0x00000000e0000000)
  object space 64000K, 27% used [0x00000000a0000000,0x00000000a1175c38,0x00000000a3e80000)
 Metaspace       used 34618K, capacity 35196K, committed 35456K, reserved 1079296K
  class space    used 4726K, capacity 4879K, committed 4992K, reserved 1048576K
}

Deoptimization events (10 events):
Event: 8.734 Thread 0x000000001a012800 Uncommon trap: reason=unstable_if action=reinterpret pc=0x00000000031f2810 method=java.lang.Integer.valueOf(I)Ljava/lang/Integer; @ 3
Event: 8.886 Thread 0x000000001a012800 Uncommon trap: reason=bimorphic action=maybe_recompile pc=0x00000000034dd3a8 method=java.security.MessageDigest$Delegate.engineUpdate([BII)V @ 7
Event: 8.886 Thread 0x000000001a012800 Uncommon trap: reason=bimorphic action=maybe_recompile pc=0x00000000034dd3a8 method=java.security.MessageDigest$Delegate.engineUpdate([BII)V @ 7
Event: 8.886 Thread 0x000000001a012800 Uncommon trap: reason=bimorphic action=maybe_recompile pc=0x00000000034d8a00 method=sun.security.provider.DigestBase.engineUpdate([BII)V @ 128
Event: 9.023 Thread 0x000000001a012800 Uncommon trap: reason=unstable_if action=reinterpret pc=0x000000000335b814 method=java.util.HashMap.removeNode(ILjava/lang/Object;Ljava/lang/Object;ZZ)Ljava/util/HashMap$Node; @ 58
Event: 9.030 Thread 0x000000001a012800 Uncommon trap: reason=unstable_if action=reinterpret pc=0x00000000030fc778 method=java.util.HashMap.putVal(ILjava/lang/Object;Ljava/lang/Object;ZZ)Ljava/lang/Object; @ 162
Event: 9.030 Thread 0x000000001a012800 Uncommon trap: reason=unstable_if action=reinterpret pc=0x00000000034cdf28 method=java.util.HashMap.putVal(ILjava/lang/Object;Ljava/lang/Object;ZZ)Ljava/lang/Object; @ 162
Event: 9.030 Thread 0x000000001a012800 Uncommon trap: reason=unstable_if action=reinterpret pc=0x0000000002bc8054 method=java.util.HashMap.resize()[Ljava/util/HashMap$Node; @ 206
Event: 9.053 Thread 0x000000001a012800 Uncommon trap: reason=uninitialized action=reinterpret pc=0x000000000333b5e8 method=java.util.HashMap.removeNode(ILjava/lang/Object;Ljava/lang/Object;ZZ)Ljava/util/HashMap$Node; @ 107
Event: 9.086 Thread 0x000000001a012800 Uncommon trap: reason=unstable_if action=reinterpret pc=0x0000000003674824 method=java.lang.reflect.Modifier.toString(I)Ljava/lang/String; @ 123

Internal exceptions (10 events):
Event: 8.542 Thread 0x000000001a012800 Exception <a 'java/lang/ClassNotFoundException': org/gradle/api/internal/file/FileOperationsBeanInfo> (0x00000000e0ce31c8) thrown at [C:\re\workspace\8-2-build-windows-amd64-cygwin\jdk8u121\8372\hotspot\src\share\vm\classfile\systemDictionary.cpp, line 21
Event: 8.543 Thread 0x000000001a012800 Exception <a 'java/lang/ClassNotFoundException': org/gradle/api/internal/file/FileOperationsCustomizer> (0x00000000e0d0b498) thrown at [C:\re\workspace\8-2-build-windows-amd64-cygwin\jdk8u121\8372\hotspot\src\share\vm\classfile\systemDictionary.cpp, line 
Event: 8.544 Thread 0x000000001a012800 Exception <a 'java/lang/ClassNotFoundException': org/gradle/api/internal/ProcessOperationsBeanInfo> (0x00000000e0d4f040) thrown at [C:\re\workspace\8-2-build-windows-amd64-cygwin\jdk8u121\8372\hotspot\src\share\vm\classfile\systemDictionary.cpp, line 210]
Event: 8.545 Thread 0x000000001a012800 Exception <a 'java/lang/ClassNotFoundException': org/gradle/api/internal/ProcessOperationsCustomizer> (0x00000000e0d76890) thrown at [C:\re\workspace\8-2-build-windows-amd64-cygwin\jdk8u121\8372\hotspot\src\share\vm\classfile\systemDictionary.cpp, line 21
Event: 8.664 Thread 0x000000001a012800 Exception <a 'java/lang/ClassNotFoundException': build_5dic9p6ed3mh6u4zduugrm0utBeanInfo> (0x00000000e0eb6b18) thrown at [C:\re\workspace\8-2-build-windows-amd64-cygwin\jdk8u121\8372\hotspot\src\share\vm\classfile\systemDictionary.cpp, line 210]
Event: 8.664 Thread 0x000000001a012800 Exception <a 'java/lang/ClassNotFoundException': build_5dic9p6ed3mh6u4zduugrm0utCustomizer> (0x00000000e0ec6d48) thrown at [C:\re\workspace\8-2-build-windows-amd64-cygwin\jdk8u121\8372\hotspot\src\share\vm\classfile\systemDictionary.cpp, line 210]
Event: 8.668 Thread 0x000000001a012800 Exception <a 'java/lang/ClassNotFoundException': org/gradle/api/internal/plugins/DefaultObjectConfigurationActionBeanInfo> (0x00000000e0f20b20) thrown at [C:\re\workspace\8-2-build-windows-amd64-cygwin\jdk8u121\8372\hotspot\src\share\vm\classfile\systemDi
Event: 8.668 Thread 0x000000001a012800 Exception <a 'java/lang/ClassNotFoundException': org/gradle/api/internal/plugins/DefaultObjectConfigurationActionCustomizer> (0x00000000e0f50438) thrown at [C:\re\workspace\8-2-build-windows-amd64-cygwin\jdk8u121\8372\hotspot\src\share\vm\classfile\system
Event: 8.669 Thread 0x000000001a012800 Exception <a 'java/lang/ClassNotFoundException': org/gradle/api/plugins/ObjectConfigurationActionBeanInfo> (0x00000000e0f8ef20) thrown at [C:\re\workspace\8-2-build-windows-amd64-cygwin\jdk8u121\8372\hotspot\src\share\vm\classfile\systemDictionary.cpp, li
Event: 8.669 Thread 0x000000001a012800 Exception <a 'java/lang/ClassNotFoundException': org/gradle/api/plugins/ObjectConfigurationActionCustomizer> (0x00000000e0fb6f90) thrown at [C:\re\workspace\8-2-build-windows-amd64-cygwin\jdk8u121\8372\hotspot\src\share\vm\classfile\systemDictionary.cpp, 

Events (10 events):
Event: 9.286 Executing VM operation: Deoptimize
Event: 9.287 Executing VM operation: Deoptimize done
Event: 9.287 loading class com/android/tools/lint/detector/api/Severity
Event: 9.287 loading class com/android/tools/lint/detector/api/Severity done
Event: 9.288 loading class com/android/tools/lint/LintCliClient
Event: 9.288 loading class com/android/tools/lint/LintCliClient done
Event: 9.289 loading class com/android/tools/lint/client/api/LintClient
Event: 9.289 loading class com/android/tools/lint/client/api/LintClient done
Event: 9.290 loading class com/android/tools/lint/LintCliFlags
Event: 9.290 loading class com/android/tools/lint/LintCliFlags done


Dynamic libraries:
0x00007ff7f8960000 - 0x00007ff7f8997000 	C:\Program Files\Java\jdk1.8.0_121\bin\java.exe
0x00007ffe15470000 - 0x00007ffe15642000 	C:\WINDOWS\SYSTEM32\ntdll.dll
0x00007ffe12f50000 - 0x00007ffe12ffc000 	C:\WINDOWS\System32\KERNEL32.DLL
0x00007ffe11970000 - 0x00007ffe11b8d000 	C:\WINDOWS\System32\KERNELBASE.dll
0x00007ffe12ea0000 - 0x00007ffe12f42000 	C:\WINDOWS\System32\ADVAPI32.dll
0x00007ffe12ce0000 - 0x00007ffe12d7e000 	C:\WINDOWS\System32\msvcrt.dll
0x00007ffe12e40000 - 0x00007ffe12e99000 	C:\WINDOWS\System32\sechost.dll
0x00007ffe152f0000 - 0x00007ffe15411000 	C:\WINDOWS\System32\RPCRT4.dll
0x00007ffe13480000 - 0x00007ffe135e5000 	C:\WINDOWS\System32\USER32.dll
0x00007ffe11b90000 - 0x00007ffe11bae000 	C:\WINDOWS\System32\win32u.dll
0x00007ffe13110000 - 0x00007ffe13144000 	C:\WINDOWS\System32\GDI32.dll
0x00007ffe12880000 - 0x00007ffe12a00000 	C:\WINDOWS\System32\gdi32full.dll
0x00007ffe08460000 - 0x00007ffe086da000 	C:\WINDOWS\WinSxS\amd64_microsoft.windows.common-controls_6595b64144ccf1df_6.0.14393.953_none_42151e83c686086b\COMCTL32.dll
0x00007ffe12a10000 - 0x00007ffe12cd8000 	C:\WINDOWS\System32\combase.dll
0x00007ffe12550000 - 0x00007ffe12645000 	C:\WINDOWS\System32\ucrtbase.dll
0x00007ffe11c60000 - 0x00007ffe11cca000 	C:\WINDOWS\System32\bcryptPrimitives.dll
0x00007ffe15420000 - 0x00007ffe1544e000 	C:\WINDOWS\System32\IMM32.DLL
0x0000000052820000 - 0x00000000528f2000 	C:\Program Files\Java\jdk1.8.0_121\jre\bin\msvcr100.dll
0x0000000051f80000 - 0x000000005281b000 	C:\Program Files\Java\jdk1.8.0_121\jre\bin\server\jvm.dll
0x00007ffe152e0000 - 0x00007ffe152e8000 	C:\WINDOWS\System32\PSAPI.DLL
0x00007ffe0f920000 - 0x00007ffe0f943000 	C:\WINDOWS\SYSTEM32\WINMM.dll
0x00007ffe0f870000 - 0x00007ffe0f879000 	C:\WINDOWS\SYSTEM32\WSOCK32.dll
0x00007ffe0ebd0000 - 0x00007ffe0ebda000 	C:\WINDOWS\SYSTEM32\VERSION.dll
0x00007ffe13730000 - 0x00007ffe1379a000 	C:\WINDOWS\System32\WS2_32.dll
0x0000000002690000 - 0x00000000026bb000 	C:\WINDOWS\SYSTEM32\WINMMBASE.dll
0x00007ffe12460000 - 0x00007ffe124a2000 	C:\WINDOWS\System32\cfgmgr32.dll
0x0000000053b00000 - 0x0000000053b0f000 	C:\Program Files\Java\jdk1.8.0_121\jre\bin\verify.dll
0x0000000051f50000 - 0x0000000051f79000 	C:\Program Files\Java\jdk1.8.0_121\jre\bin\java.dll
0x0000000051f30000 - 0x0000000051f46000 	C:\Program Files\Java\jdk1.8.0_121\jre\bin\zip.dll
0x00007ffe13dd0000 - 0x00007ffe152d8000 	C:\WINDOWS\System32\SHELL32.dll
0x00007ffe11d80000 - 0x00007ffe1245a000 	C:\WINDOWS\System32\windows.storage.dll
0x00007ffe11910000 - 0x00007ffe1195c000 	C:\WINDOWS\System32\powrprof.dll
0x00007ffe13000000 - 0x00007ffe13052000 	C:\WINDOWS\System32\shlwapi.dll
0x00007ffe11960000 - 0x00007ffe1196f000 	C:\WINDOWS\System32\kernel.appcore.dll
0x00007ffe11bb0000 - 0x00007ffe11c59000 	C:\WINDOWS\System32\shcore.dll
0x00007ffe118e0000 - 0x00007ffe118f4000 	C:\WINDOWS\System32\profapi.dll
0x0000000051f10000 - 0x0000000051f2a000 	C:\Program Files\Java\jdk1.8.0_121\jre\bin\net.dll
0x00007ffe111b0000 - 0x00007ffe1120c000 	C:\WINDOWS\system32\mswsock.dll
0x0000000051ef0000 - 0x0000000051f01000 	C:\Program Files\Java\jdk1.8.0_121\jre\bin\nio.dll
0x00007ffe00ec0000 - 0x00007ffe00ede000 	C:\Users\Ronald\.gradle\native\23\windows-amd64\native-platform.dll
0x00007ffe11360000 - 0x00007ffe11377000 	C:\WINDOWS\SYSTEM32\CRYPTSP.dll
0x00007ffe10db0000 - 0x00007ffe10de3000 	C:\WINDOWS\system32\rsaenh.dll
0x00007ffe11820000 - 0x00007ffe1184b000 	C:\WINDOWS\SYSTEM32\bcrypt.dll
0x00007ffe11040000 - 0x00007ffe1105f000 	C:\WINDOWS\SYSTEM32\USERENV.dll
0x00007ffe11350000 - 0x00007ffe1135b000 	C:\WINDOWS\SYSTEM32\CRYPTBASE.dll
0x00007ffe10f30000 - 0x00007ffe10f68000 	C:\WINDOWS\SYSTEM32\IPHLPAPI.DLL
0x00007ffe13100000 - 0x00007ffe13108000 	C:\WINDOWS\System32\NSI.dll
0x00007ffe0b5a0000 - 0x00007ffe0b5b6000 	C:\WINDOWS\SYSTEM32\dhcpcsvc6.DLL
0x00007ffe0b430000 - 0x00007ffe0b44a000 	C:\WINDOWS\SYSTEM32\dhcpcsvc.DLL
0x0000000053af0000 - 0x0000000053afd000 	C:\Program Files\Java\jdk1.8.0_121\jre\bin\management.dll

VM Arguments:
jvm_args: -Xmx1536m -Dfile.encoding=windows-1252 -Duser.country=ES -Duser.language=es -Duser.variant 
java_command: org.gradle.launcher.daemon.bootstrap.GradleDaemon 3.3
java_class_path (initial): C:\Users\Ronald\.gradle\wrapper\dists\gradle-3.3-all\55gk2rcmfc6p2dg9u9ohc3hw9\gradle-3.3\lib\gradle-launcher-3.3.jar
Launcher Type: SUN_STANDARD

Environment Variables:
PATH=C:\Program Files (x86)\Common Files\Intel\Shared Files\cpp\bin\Intel64;C:\ProgramData\Oracle\Java\javapath;C:\WINDOWS\system32;C:\WINDOWS;C:\WINDOWS\System32\Wbem;C:\WINDOWS\System32\WindowsPowerShell\v1.0\;C:\Program Files (x86)\Windows Live\Shared;C:\Program Files (x86)\Microsoft ASP.NET\ASP.NET Web Pages\v1.0\;C:\Program Files (x86)\Windows Kits\8.0\Windows Performance Toolkit\;C:\Program Files\Microsoft SQL Server\110\Tools\Binn\;C:\Program Files\Microsoft\Web Platform Installer\;C:\Program Files (x86)\MySQL\MySQL Fabric 1.5 & MySQL Utilities 1.5\;C:\Program Files (x86)\MySQL\MySQL Fabric 1.5 & MySQL Utilities 1.5\Doctrine extensions for PHP\;C:\Program Files (x86)\Microsoft SQL Server\110\DTS\Binn\;C:\Program Files (x86)\Microsoft SQL Server\110\Tools\Binn\;C:\Program Files (x86)\Microsoft SQL Server\110\Tools\Binn\ManagementStudio\;C:\Program Files (x86)\Microsoft Visual Studio 10.0\Common7\IDE\PrivateAssemblies\;C:\Program Files (x86)\Microsoft SQL Server\Client SDK\ODBC\110\Tools\Binn\;C:\Program Files (x86)\Microsoft SQL Server\120\Tools\Binn\;C:\Program Files (x86)\Microsoft SQL Server\120\DTS\Binn\;C:\Program Files (x86)\Microsoft SQL Server\120\Tools\Binn\ManagementStudio\;C:\Program Files\Git\cmd;C:\Program Files\Microsoft SQL Server\Client SDK\ODBC\110\Tools\Binn\;C:\Program Files\Microsoft SQL Server\120\Tools\Binn\;C:\Program Files\Microsoft SQL Server\120\DTS\Binn\;C:\Program Files\PuTTY\;C:\Program Files (x86)\ESET\ESET Remote Administrator\Console\;C:\Program Files\nodejs\;C:\Ruby23-x64\bin;C:\Program Files (x86)\Microsoft VS Code\bin;C:\Users\Ronald\AppData\Local\Microsoft\WindowsApps;C:\Users\Ronald\AppData\Roaming\npm
USERNAME=Ronald
OS=Windows_NT
PROCESSOR_IDENTIFIER=Intel64 Family 6 Model 60 Stepping 3, GenuineIntel



---------------  S Y S T E M  ---------------

OS: Windows 10.0 , 64 bit Build 14393 (10.0.14393.1198)

CPU:total 8 (4 cores per cpu, 2 threads per core) family 6 model 60 stepping 3, cmov, cx8, fxsr, mmx, sse, sse2, sse3, ssse3, sse4.1, sse4.2, popcnt, avx, avx2, aes, clmul, erms, lzcnt, ht, tsc, tscinvbit, bmi1, bmi2

Memory: 4k page, physical 8298028k(1766960k free), swap 9834028k(4696k free)

vm_info: Java HotSpot(TM) 64-Bit Server VM (25.121-b13) for windows-amd64 JRE (1.8.0_121-b13), built on Dec 12 2016 18:21:36 by "java_re" with MS VC++ 10.0 (VS2010)

time: Tue Dec 26 17:38:42 2017
elapsed time: 9 seconds (0d 0h 0m 9s)

